0 verbose cli D:\Program Files\nodejs\node.exe D:\Program Files\nodejs\node_modules\npm\bin\npm-cli.js
1 info using npm@10.7.0
2 info using node@v18.20.3
3 silly config:load:file:d:\Users\marco\AppData\Roaming\nvm\v18.20.3\node_modules\npm\npmrc
4 silly config:load:file:D:\Users\marco\Documents\GitHub\charsheet\.npmrc
5 silly config:load:file:C:\Users\marco\.npmrc
6 silly config:load:file:D:\Program Files\nodejs\etc\npmrc
7 verbose title npm install @angular/elements@17.3.12
8 verbose argv "install" "@angular/elements@17.3.12"
9 verbose logfile logs-max:10 dir:D:\Users\marco\Documents\GitHub\charsheet\_logs\2024-08-02T15_50_17_190Z-
10 verbose logfile D:\Users\marco\Documents\GitHub\charsheet\_logs\2024-08-02T15_50_17_190Z-debug-0.log
11 silly logfile done cleaning log files
12 silly idealTree buildDeps
13 silly fetch manifest @angular/elements@17.3.12
14 http fetch GET 200 https://registry.npmjs.org/@angular%2felements 489ms (cache miss)
15 silly fetch manifest @angular/core@^17.3.0
16 http fetch GET 200 https://registry.npmjs.org/@angular%2fcore 120ms (cache revalidated)
17 silly fetch manifest rxjs@~7.8.0
18 http fetch GET 200 https://registry.npmjs.org/rxjs 63ms (cache revalidated)
19 silly fetch manifest zone.js@~0.14.3
20 http fetch GET 200 https://registry.npmjs.org/zone.js 60ms (cache revalidated)
21 silly placeDep ROOT @angular/elements@17.3.12 OK for: charsheet@0.0.0 want: 17.3.12
22 silly reify moves {}
23 silly audit bulk request {
23 silly audit   '@ampproject/remapping': [ '2.3.0' ],
23 silly audit   '@angular-devkit/architect': [ '0.1703.8' ],
23 silly audit   '@angular-devkit/build-angular': [ '17.3.8' ],
23 silly audit   tslib: [ '2.6.2', '2.6.3' ],
23 silly audit   '@angular-devkit/build-webpack': [ '0.1703.8' ],
23 silly audit   '@angular-devkit/core': [ '17.3.8' ],
23 silly audit   '@angular-devkit/schematics': [ '17.3.8' ],
23 silly audit   '@angular/animations': [ '17.3.12' ],
23 silly audit   '@angular/cli': [ '17.3.8' ],
23 silly audit   '@angular/common': [ '17.3.12' ],
23 silly audit   '@angular/compiler': [ '17.3.12' ],
23 silly audit   '@angular/compiler-cli': [ '17.3.12' ],
23 silly audit   '@babel/core': [ '7.23.9', '7.24.0' ],
23 silly audit   'convert-source-map': [ '2.0.0', '1.9.0' ],
23 silly audit   semver: [ '6.3.1', '5.7.2', '7.6.0' ],
23 silly audit   '@angular/core': [ '17.3.12' ],
23 silly audit   '@angular/forms': [ '17.3.12' ],
23 silly audit   '@angular/platform-browser': [ '17.3.12' ],
23 silly audit   '@angular/platform-browser-dynamic': [ '17.3.12' ],
23 silly audit   '@angular/router': [ '17.3.12' ],
23 silly audit   '@babel/code-frame': [ '7.24.7' ],
23 silly audit   '@babel/compat-data': [ '7.25.2' ],
23 silly audit   '@babel/generator': [ '7.23.6', '7.25.0' ],
23 silly audit   '@babel/helper-annotate-as-pure': [ '7.22.5', '7.24.7' ],
23 silly audit   '@babel/helper-builder-binary-assignment-operator-visitor': [ '7.24.7' ],
23 silly audit   '@babel/helper-compilation-targets': [ '7.25.2' ],
23 silly audit   '@babel/helper-create-class-features-plugin': [ '7.25.0' ],
23 silly audit   '@babel/helper-create-regexp-features-plugin': [ '7.25.2' ],
23 silly audit   '@babel/helper-define-polyfill-provider': [ '0.6.2', '0.5.0' ],
23 silly audit   '@babel/helper-environment-visitor': [ '7.24.7' ],
23 silly audit   '@babel/helper-member-expression-to-functions': [ '7.24.8' ],
23 silly audit   '@babel/helper-module-imports': [ '7.24.7' ],
23 silly audit   '@babel/helper-module-transforms': [ '7.25.2' ],
23 silly audit   '@babel/helper-optimise-call-expression': [ '7.24.7' ],
23 silly audit   '@babel/helper-plugin-utils': [ '7.24.8' ],
23 silly audit   '@babel/helper-remap-async-to-generator': [ '7.25.0' ],
23 silly audit   '@babel/helper-replace-supers': [ '7.25.0' ],
23 silly audit   '@babel/helper-simple-access': [ '7.24.7' ],
23 silly audit   '@babel/helper-skip-transparent-expression-wrappers': [ '7.24.7' ],
23 silly audit   '@babel/helper-split-export-declaration': [ '7.22.6' ],
23 silly audit   '@babel/helper-string-parser': [ '7.24.8' ],
23 silly audit   '@babel/helper-validator-identifier': [ '7.24.7' ],
23 silly audit   '@babel/helper-validator-option': [ '7.24.8' ],
23 silly audit   '@babel/helper-wrap-function': [ '7.25.0' ],
23 silly audit   '@babel/helpers': [ '7.25.0' ],
23 silly audit   '@babel/highlight': [ '7.24.7' ],
23 silly audit   '@babel/parser': [ '7.25.3' ],
23 silly audit   '@babel/plugin-bugfix-safari-id-destructuring-collision-in-function-expression': [ '7.25.0' ],
23 silly audit   '@babel/plugin-bugfix-v8-spread-parameters-in-optional-chaining': [ '7.24.7' ],
23 silly audit   '@babel/plugin-bugfix-v8-static-class-fields-redefine-readonly': [ '7.25.0' ],
23 silly audit   '@babel/plugin-proposal-private-property-in-object': [ '7.21.0-placeholder-for-preset-env.2' ],
23 silly audit   '@babel/plugin-syntax-async-generators': [ '7.8.4' ],
23 silly audit   '@babel/plugin-syntax-class-properties': [ '7.12.13' ],
23 silly audit   '@babel/plugin-syntax-class-static-block': [ '7.14.5' ],
23 silly audit   '@babel/plugin-syntax-dynamic-import': [ '7.8.3' ],
23 silly audit   '@babel/plugin-syntax-export-namespace-from': [ '7.8.3' ],
23 silly audit   '@babel/plugin-syntax-import-assertions': [ '7.24.7' ],
23 silly audit   '@babel/plugin-syntax-import-attributes': [ '7.24.7' ],
23 silly audit   '@babel/plugin-syntax-import-meta': [ '7.10.4' ],
23 silly audit   '@babel/plugin-syntax-json-strings': [ '7.8.3' ],
23 silly audit   '@babel/plugin-syntax-logical-assignment-operators': [ '7.10.4' ],
23 silly audit   '@babel/plugin-syntax-nullish-coalescing-operator': [ '7.8.3' ],
23 silly audit   '@babel/plugin-syntax-numeric-separator': [ '7.10.4' ],
23 silly audit   '@babel/plugin-syntax-object-rest-spread': [ '7.8.3' ],
23 silly audit   '@babel/plugin-syntax-optional-catch-binding': [ '7.8.3' ],
23 silly audit   '@babel/plugin-syntax-optional-chaining': [ '7.8.3' ],
23 silly audit   '@babel/plugin-syntax-private-property-in-object': [ '7.14.5' ],
23 silly audit   '@babel/plugin-syntax-top-level-await': [ '7.14.5' ],
23 silly audit   '@babel/plugin-syntax-unicode-sets-regex': [ '7.18.6' ],
23 silly audit   '@babel/plugin-transform-arrow-functions': [ '7.24.7' ],
23 silly audit   '@babel/plugin-transform-async-generator-functions': [ '7.23.9' ],
23 silly audit   '@babel/plugin-transform-async-to-generator': [ '7.23.3' ],
23 silly audit   '@babel/plugin-transform-block-scoped-functions': [ '7.24.7' ],
23 silly audit   '@babel/plugin-transform-block-scoping': [ '7.25.0' ],
23 silly audit   '@babel/plugin-transform-class-properties': [ '7.24.7' ],
23 silly audit   '@babel/plugin-transform-class-static-block': [ '7.24.7' ],
23 silly audit   '@babel/plugin-transform-classes': [ '7.25.0' ],
23 silly audit   '@babel/plugin-transform-computed-properties': [ '7.24.7' ],
23 silly audit   '@babel/plugin-transform-destructuring': [ '7.24.8' ],
23 silly audit   '@babel/plugin-transform-dotall-regex': [ '7.24.7' ],
23 silly audit   '@babel/plugin-transform-duplicate-keys': [ '7.24.7' ],
23 silly audit   '@babel/plugin-transform-dynamic-import': [ '7.24.7' ],
23 silly audit   '@babel/plugin-transform-exponentiation-operator': [ '7.24.7' ],
23 silly audit   '@babel/plugin-transform-export-namespace-from': [ '7.24.7' ],
23 silly audit   '@babel/plugin-transform-for-of': [ '7.24.7' ],
23 silly audit   '@babel/plugin-transform-function-name': [ '7.25.1' ],
23 silly audit   '@babel/plugin-transform-json-strings': [ '7.24.7' ],
23 silly audit   '@babel/plugin-transform-literals': [ '7.25.2' ],
23 silly audit   '@babel/plugin-transform-logical-assignment-operators': [ '7.24.7' ],
23 silly audit   '@babel/plugin-transform-member-expression-literals': [ '7.24.7' ],
23 silly audit   '@babel/plugin-transform-modules-amd': [ '7.24.7' ],
23 silly audit   '@babel/plugin-transform-modules-commonjs': [ '7.24.8' ],
23 silly audit   '@babel/plugin-transform-modules-systemjs': [ '7.25.0' ],
23 silly audit   '@babel/plugin-transform-modules-umd': [ '7.24.7' ],
23 silly audit   '@babel/plugin-transform-named-capturing-groups-regex': [ '7.24.7' ],
23 silly audit   '@babel/plugin-transform-new-target': [ '7.24.7' ],
23 silly audit   '@babel/plugin-transform-nullish-coalescing-operator': [ '7.24.7' ],
23 silly audit   '@babel/plugin-transform-numeric-separator': [ '7.24.7' ],
23 silly audit   '@babel/plugin-transform-object-rest-spread': [ '7.24.7' ],
23 silly audit   '@babel/plugin-transform-object-super': [ '7.24.7' ],
23 silly audit   '@babel/plugin-transform-optional-catch-binding': [ '7.24.7' ],
23 silly audit   '@babel/plugin-transform-optional-chaining': [ '7.24.8' ],
23 silly audit   '@babel/plugin-transform-parameters': [ '7.24.7' ],
23 silly audit   '@babel/plugin-transform-private-methods': [ '7.24.7' ],
23 silly audit   '@babel/plugin-transform-private-property-in-object': [ '7.24.7' ],
23 silly audit   '@babel/plugin-transform-property-literals': [ '7.24.7' ],
23 silly audit   '@babel/plugin-transform-regenerator': [ '7.24.7' ],
23 silly audit   '@babel/plugin-transform-reserved-words': [ '7.24.7' ],
23 silly audit   '@babel/plugin-transform-runtime': [ '7.24.0' ],
23 silly audit   '@babel/plugin-transform-shorthand-properties': [ '7.24.7' ],
23 silly audit   '@babel/plugin-transform-spread': [ '7.24.7' ],
23 silly audit   '@babel/plugin-transform-sticky-regex': [ '7.24.7' ],
23 silly audit   '@babel/plugin-transform-template-literals': [ '7.24.7' ],
23 silly audit   '@babel/plugin-transform-typeof-symbol': [ '7.24.8' ],
23 silly audit   '@babel/plugin-transform-unicode-escapes': [ '7.24.7' ],
23 silly audit   '@babel/plugin-transform-unicode-property-regex': [ '7.24.7' ],
23 silly audit   '@babel/plugin-transform-unicode-regex': [ '7.24.7' ],
23 silly audit   '@babel/plugin-transform-unicode-sets-regex': [ '7.24.7' ],
23 silly audit   '@babel/preset-env': [ '7.24.0' ],
23 silly audit   '@babel/preset-modules': [ '0.1.6-no-external-plugins' ],
23 silly audit   '@babel/regjsgen': [ '0.8.0' ],
23 silly audit   '@babel/runtime': [ '7.24.0' ],
23 silly audit   '@babel/template': [ '7.25.0' ],
23 silly audit   '@babel/traverse': [ '7.25.3' ],
23 silly audit   '@babel/types': [ '7.25.2' ],
23 silly audit   '@colors/colors': [ '1.5.0' ],
23 silly audit   '@discoveryjs/json-ext': [ '0.5.7' ],
23 silly audit   '@esbuild/aix-ppc64': [ '0.20.1', '0.19.12' ],
23 silly audit   '@esbuild/android-arm': [ '0.20.1', '0.19.12' ],
23 silly audit   '@esbuild/android-arm64': [ '0.20.1', '0.19.12' ],
23 silly audit   '@esbuild/android-x64': [ '0.20.1', '0.19.12' ],
23 silly audit   '@esbuild/darwin-arm64': [ '0.20.1', '0.19.12' ],
23 silly audit   '@esbuild/darwin-x64': [ '0.20.1', '0.19.12' ],
23 silly audit   '@esbuild/freebsd-arm64': [ '0.20.1', '0.19.12' ],
23 silly audit   '@esbuild/freebsd-x64': [ '0.20.1', '0.19.12' ],
23 silly audit   '@esbuild/linux-arm': [ '0.20.1', '0.19.12' ],
23 silly audit   '@esbuild/linux-arm64': [ '0.20.1', '0.19.12' ],
23 silly audit   '@esbuild/linux-ia32': [ '0.20.1', '0.19.12' ],
23 silly audit   '@esbuild/linux-loong64': [ '0.20.1', '0.19.12' ],
23 silly audit   '@esbuild/linux-mips64el': [ '0.20.1', '0.19.12' ],
23 silly audit   '@esbuild/linux-ppc64': [ '0.20.1', '0.19.12' ],
23 silly audit   '@esbuild/linux-riscv64': [ '0.20.1', '0.19.12' ],
23 silly audit   '@esbuild/linux-s390x': [ '0.20.1', '0.19.12' ],
23 silly audit   '@esbuild/linux-x64': [ '0.20.1', '0.19.12' ],
23 silly audit   '@esbuild/netbsd-x64': [ '0.20.1', '0.19.12' ],
23 silly audit   '@esbuild/openbsd-x64': [ '0.20.1', '0.19.12' ],
23 silly audit   '@esbuild/sunos-x64': [ '0.20.1', '0.19.12' ],
23 silly audit   '@esbuild/win32-arm64': [ '0.20.1', '0.19.12' ],
23 silly audit   '@esbuild/win32-ia32': [ '0.20.1', '0.19.12' ],
23 silly audit   '@esbuild/win32-x64': [ '0.20.1', '0.19.12' ],
23 silly audit   '@isaacs/cliui': [ '8.0.2' ],
23 silly audit   'ansi-regex': [ '6.0.1', '5.0.1' ],
23 silly audit   'ansi-styles': [ '6.2.1', '3.2.1', '4.3.0' ],
23 silly audit   'emoji-regex': [ '9.2.2', '8.0.0' ],
23 silly audit   'string-width': [ '5.1.2', '4.2.3' ],
23 silly audit   'strip-ansi': [ '7.1.0', '6.0.1' ],
23 silly audit   'wrap-ansi': [ '8.1.0', '7.0.0', '6.2.0' ],
23 silly audit   '@istanbuljs/load-nyc-config': [ '1.1.0' ],
23 silly audit   '@istanbuljs/schema': [ '0.1.3' ],
23 silly audit   '@jridgewell/gen-mapping': [ '0.3.5' ],
23 silly audit   '@jridgewell/resolve-uri': [ '3.1.2' ],
23 silly audit   '@jridgewell/set-array': [ '1.2.1' ],
23 silly audit   '@jridgewell/source-map': [ '0.3.6' ],
23 silly audit   '@jridgewell/sourcemap-codec': [ '1.5.0' ],
23 silly audit   '@jridgewell/trace-mapping': [ '0.3.25' ],
23 silly audit   '@leichtgewicht/ip-codec': [ '2.0.5' ],
23 silly audit   '@ljharb/through': [ '2.3.13' ],
23 silly audit   '@ngtools/webpack': [ '17.3.8' ],
23 silly audit   '@nodelib/fs.scandir': [ '2.1.5' ],
23 silly audit   '@nodelib/fs.stat': [ '2.0.5' ],
23 silly audit   '@nodelib/fs.walk': [ '1.2.8' ],
23 silly audit   '@npmcli/agent': [ '2.2.2' ],
23 silly audit   'lru-cache': [ '10.4.3', '5.1.1', '6.0.0' ],
23 silly audit   '@npmcli/fs': [ '3.1.1' ],
23 silly audit   '@npmcli/git': [ '5.0.8' ],
23 silly audit   ini: [ '4.1.3', '4.1.2' ],
23 silly audit   isexe: [ '3.1.1', '2.0.0' ],
23 silly audit   'proc-log': [ '4.2.0', '3.0.0' ],
23 silly audit   which: [ '4.0.0', '2.0.2', '1.3.1' ],
23 silly audit   '@npmcli/installed-package-contents': [ '2.1.0' ],
23 silly audit   '@npmcli/node-gyp': [ '3.0.0' ],
23 silly audit   '@npmcli/package-json': [ '5.2.0' ],
23 silly audit   'brace-expansion': [ '2.0.1', '1.1.11' ],
23 silly audit   glob: [ '10.4.5', '7.2.3' ],
23 silly audit   minimatch: [ '9.0.5', '3.1.2' ],
23 silly audit   '@npmcli/promise-spawn': [ '7.0.2' ],
23 silly audit   '@npmcli/redact': [ '1.1.0' ],
23 silly audit   '@npmcli/run-script': [ '7.0.4' ],
23 silly audit   '@pkgjs/parseargs': [ '0.11.0' ],
23 silly audit   '@rollup/rollup-android-arm-eabi': [ '4.19.2' ],
23 silly audit   '@rollup/rollup-android-arm64': [ '4.19.2' ],
23 silly audit   '@rollup/rollup-darwin-arm64': [ '4.19.2' ],
23 silly audit   '@rollup/rollup-darwin-x64': [ '4.19.2' ],
23 silly audit   '@rollup/rollup-linux-arm-gnueabihf': [ '4.19.2' ],
23 silly audit   '@rollup/rollup-linux-arm-musleabihf': [ '4.19.2' ],
23 silly audit   '@rollup/rollup-linux-arm64-gnu': [ '4.19.2' ],
23 silly audit   '@rollup/rollup-linux-arm64-musl': [ '4.19.2' ],
23 silly audit   '@rollup/rollup-linux-powerpc64le-gnu': [ '4.19.2' ],
23 silly audit   '@rollup/rollup-linux-riscv64-gnu': [ '4.19.2' ],
23 silly audit   '@rollup/rollup-linux-s390x-gnu': [ '4.19.2' ],
23 silly audit   '@rollup/rollup-linux-x64-gnu': [ '4.19.2' ],
23 silly audit   '@rollup/rollup-linux-x64-musl': [ '4.19.2' ],
23 silly audit   '@rollup/rollup-win32-arm64-msvc': [ '4.19.2' ],
23 silly audit   '@rollup/rollup-win32-ia32-msvc': [ '4.19.2' ],
23 silly audit   '@rollup/rollup-win32-x64-msvc': [ '4.19.2' ],
23 silly audit   '@schematics/angular': [ '17.3.8' ],
23 silly audit   '@sigstore/bundle': [ '2.3.2' ],
23 silly audit   '@sigstore/core': [ '1.1.0' ],
23 silly audit   '@sigstore/protobuf-specs': [ '0.3.2' ],
23 silly audit   '@sigstore/sign': [ '2.3.2' ],
23 silly audit   '@sigstore/tuf': [ '2.3.4' ],
23 silly audit   '@sigstore/verify': [ '1.2.1' ],
23 silly audit   '@socket.io/component-emitter': [ '3.1.2' ],
23 silly audit   '@tufjs/canonical-json': [ '2.0.0' ],
23 silly audit   '@tufjs/models': [ '2.0.1' ],
23 silly audit   '@types/body-parser': [ '1.19.5' ],
23 silly audit   '@types/bonjour': [ '3.5.13' ],
23 silly audit   '@types/connect': [ '3.4.38' ],
23 silly audit   '@types/connect-history-api-fallback': [ '1.5.4' ],
23 silly audit   '@types/cookie': [ '0.4.1' ],
23 silly audit   '@types/cors': [ '2.8.17' ],
23 silly audit   '@types/eslint': [ '9.6.0' ],
23 silly audit   '@types/eslint-scope': [ '3.7.7' ],
23 silly audit   '@types/estree': [ '1.0.5' ],
23 silly audit   '@types/express': [ '4.17.21' ],
23 silly audit   '@types/express-serve-static-core': [ '4.19.5' ],
23 silly audit   '@types/http-errors': [ '2.0.4' ],
23 silly audit   '@types/http-proxy': [ '1.17.14' ],
23 silly audit   '@types/jasmine': [ '5.1.4' ],
23 silly audit   '@types/json-schema': [ '7.0.15' ],
23 silly audit   '@types/mime': [ '1.3.5' ],
23 silly audit   '@types/node': [ '22.1.0' ],
23 silly audit   '@types/node-forge': [ '1.3.11' ],
23 silly audit   '@types/qs': [ '6.9.15' ],
23 silly audit   '@types/range-parser': [ '1.2.7' ],
23 silly audit   '@types/retry': [ '0.12.0' ],
23 silly audit   '@types/send': [ '0.17.4' ],
23 silly audit   '@types/serve-index': [ '1.9.4' ],
23 silly audit   '@types/serve-static': [ '1.15.7' ],
23 silly audit   '@types/sockjs': [ '0.3.36' ],
23 silly audit   '@types/ws': [ '8.5.12' ],
23 silly audit   '@vitejs/plugin-basic-ssl': [ '1.1.0' ],
23 silly audit   '@webassemblyjs/ast': [ '1.12.1' ],
23 silly audit   '@webassemblyjs/floating-point-hex-parser': [ '1.11.6' ],
23 silly audit   '@webassemblyjs/helper-api-error': [ '1.11.6' ],
23 silly audit   '@webassemblyjs/helper-buffer': [ '1.12.1' ],
23 silly audit   '@webassemblyjs/helper-numbers': [ '1.11.6' ],
23 silly audit   '@webassemblyjs/helper-wasm-bytecode': [ '1.11.6' ],
23 silly audit   '@webassemblyjs/helper-wasm-section': [ '1.12.1' ],
23 silly audit   '@webassemblyjs/ieee754': [ '1.11.6' ],
23 silly audit   '@webassemblyjs/leb128': [ '1.11.6' ],
23 silly audit   '@webassemblyjs/utf8': [ '1.11.6' ],
23 silly audit   '@webassemblyjs/wasm-edit': [ '1.12.1' ],
23 silly audit   '@webassemblyjs/wasm-gen': [ '1.12.1' ],
23 silly audit   '@webassemblyjs/wasm-opt': [ '1.12.1' ],
23 silly audit   '@webassemblyjs/wasm-parser': [ '1.12.1' ],
23 silly audit   '@webassemblyjs/wast-printer': [ '1.12.1' ],
23 silly audit   '@xtuc/ieee754': [ '1.2.0' ],
23 silly audit   '@xtuc/long': [ '4.2.2' ],
23 silly audit   '@yarnpkg/lockfile': [ '1.1.0' ],
23 silly audit   abbrev: [ '2.0.0' ],
23 silly audit   accepts: [ '1.3.8' ],
23 silly audit   acorn: [ '8.12.1' ],
23 silly audit   'acorn-import-assertions': [ '1.9.0' ],
23 silly audit   'adjust-sourcemap-loader': [ '4.0.0' ],
23 silly audit   'loader-utils': [ '2.0.4', '3.2.1' ],
23 silly audit   'agent-base': [ '7.1.1' ],
23 silly audit   'aggregate-error': [ '3.1.0' ],
23 silly audit   ajv: [ '8.12.0', '6.12.6' ],
23 silly audit   'ajv-formats': [ '2.1.1' ],
23 silly audit   'ajv-keywords': [ '5.1.0', '3.5.2' ],
23 silly audit   'ansi-colors': [ '4.1.3' ],
23 silly audit   'ansi-escapes': [ '4.3.2' ],
23 silly audit   'ansi-html-community': [ '0.0.8' ],
23 silly audit   anymatch: [ '3.1.3' ],
23 silly audit   picomatch: [ '2.3.1', '4.0.1' ],
23 silly audit   argparse: [ '1.0.10', '2.0.1' ],
23 silly audit   'array-flatten': [ '1.1.1' ],
23 silly audit   autoprefixer: [ '10.4.18' ],
23 silly audit   'babel-loader': [ '9.1.3' ],
23 silly audit   'babel-plugin-istanbul': [ '6.1.1' ],
23 silly audit   'babel-plugin-polyfill-corejs2': [ '0.4.11' ],
23 silly audit   'babel-plugin-polyfill-corejs3': [ '0.9.0' ],
23 silly audit   'babel-plugin-polyfill-regenerator': [ '0.5.5' ],
23 silly audit   'balanced-match': [ '1.0.2' ],
23 silly audit   'base64-js': [ '1.5.1' ],
23 silly audit   base64id: [ '2.0.0' ],
23 silly audit   batch: [ '0.6.1' ],
23 silly audit   'big.js': [ '5.2.2' ],
23 silly audit   'binary-extensions': [ '2.3.0' ],
23 silly audit   bl: [ '4.1.0' ],
23 silly audit   'body-parser': [ '1.20.2' ],
23 silly audit   debug: [ '2.6.9', '4.3.6' ],
23 silly audit   ms: [ '2.0.0', '2.1.2', '2.1.3' ],
23 silly audit   'bonjour-service': [ '1.2.1' ],
23 silly audit   boolbase: [ '1.0.0' ],
23 silly audit   braces: [ '3.0.3' ],
23 silly audit   browserslist: [ '4.23.3' ],
23 silly audit   buffer: [ '5.7.1' ],
23 silly audit   'buffer-from': [ '1.1.2' ],
23 silly audit   bytes: [ '3.1.2', '3.0.0' ],
23 silly audit   cacache: [ '18.0.4' ],
23 silly audit   'call-bind': [ '1.0.7' ],
23 silly audit   callsites: [ '3.1.0' ],
23 silly audit   camelcase: [ '5.3.1' ],
23 silly audit   'caniuse-lite': [ '1.0.30001646' ],
23 silly audit   chalk: [ '2.4.2', '4.1.2', '5.3.0' ],
23 silly audit   chardet: [ '0.7.0' ],
23 silly audit   chokidar: [ '3.6.0' ],
23 silly audit   chownr: [ '2.0.0' ],
23 silly audit   'chrome-trace-event': [ '1.0.4' ],
23 silly audit   'clean-stack': [ '2.2.0' ],
23 silly audit   'cli-cursor': [ '3.1.0' ],
23 silly audit   'cli-spinners': [ '2.9.2' ],
23 silly audit   'cli-width': [ '4.1.0' ],
23 silly audit   cliui: [ '8.0.1', '7.0.4' ],
23 silly audit   'color-convert': [ '2.0.1', '1.9.3' ],
23 silly audit   'color-name': [ '1.1.4', '1.1.3' ],
23 silly audit   clone: [ '1.0.4' ],
23 silly audit   'clone-deep': [ '4.0.1' ],
23 silly audit   colorette: [ '2.0.20' ],
23 silly audit   commander: [ '2.20.3' ],
23 silly audit   'common-path-prefix': [ '3.0.0' ],
23 silly audit   compressible: [ '2.0.18' ],
23 silly audit   compression: [ '1.7.4' ],
23 silly audit   'safe-buffer': [ '5.1.2', '5.2.1' ],
23 silly audit   'concat-map': [ '0.0.1' ],
23 silly audit   connect: [ '3.7.0' ],
23 silly audit   'connect-history-api-fallback': [ '2.0.0' ],
23 silly audit   'content-disposition': [ '0.5.4' ],
23 silly audit   'content-type': [ '1.0.5' ],
23 silly audit   cookie: [ '0.4.2', '0.6.0' ],
23 silly audit   'cookie-signature': [ '1.0.6' ],
23 silly audit   'copy-anything': [ '2.0.6' ],
23 silly audit   'copy-webpack-plugin': [ '11.0.0' ],
23 silly audit   'glob-parent': [ '6.0.2', '5.1.2' ],
23 silly audit   'core-js-compat': [ '3.37.1' ],
23 silly audit   'core-util-is': [ '1.0.3' ],
23 silly audit   cors: [ '2.8.5' ],
23 silly audit   cosmiconfig: [ '9.0.0' ],
23 silly audit   'js-yaml': [ '4.1.0', '3.14.1' ],
23 silly audit   critters: [ '0.0.22' ],
23 silly audit   'has-flag': [ '4.0.0', '3.0.0' ],
23 silly audit   'supports-color': [ '7.2.0', '8.1.1', '5.5.0' ],
23 silly audit   'cross-spawn': [ '7.0.3' ],
23 silly audit   'css-loader': [ '6.10.0' ],
23 silly audit   'css-select': [ '5.1.0' ],
23 silly audit   'css-what': [ '6.1.0' ],
23 silly audit   cssesc: [ '3.0.0' ],
23 silly audit   'custom-event': [ '1.0.1' ],
23 silly audit   'date-format': [ '4.0.14' ],
23 silly audit   'default-gateway': [ '6.0.3' ],
23 silly audit   defaults: [ '1.0.4' ],
23 silly audit   'define-data-property': [ '1.1.4' ],
23 silly audit   'define-lazy-prop': [ '2.0.0' ],
23 silly audit   depd: [ '2.0.0', '1.1.2' ],
23 silly audit   destroy: [ '1.2.0' ],
23 silly audit   'detect-node': [ '2.1.0' ],
23 silly audit   di: [ '0.0.1' ],
23 silly audit   'dir-glob': [ '3.0.1' ],
23 silly audit   'dns-packet': [ '5.6.1' ],
23 silly audit   'dom-serialize': [ '2.2.1' ],
23 silly audit   'dom-serializer': [ '2.0.0' ],
23 silly audit   domelementtype: [ '2.3.0' ],
23 silly audit   domhandler: [ '5.0.3' ],
23 silly audit   domutils: [ '3.1.0' ],
23 silly audit   eastasianwidth: [ '0.2.0' ],
23 silly audit   'ee-first': [ '1.1.1' ],
23 silly audit   'electron-to-chromium': [ '1.5.4' ],
23 silly audit   'emojis-list': [ '3.0.0' ],
23 silly audit   encodeurl: [ '1.0.2' ],
23 silly audit   encoding: [ '0.1.13' ],
23 silly audit   'iconv-lite': [ '0.6.3', '0.4.24' ],
23 silly audit   'engine.io': [ '6.5.5' ],
23 silly audit   'engine.io-parser': [ '5.2.3' ],
23 silly audit   'enhanced-resolve': [ '5.17.1' ],
23 silly audit   ent: [ '2.2.1' ],
23 silly audit   entities: [ '4.5.0' ],
23 silly audit   'env-paths': [ '2.2.1' ],
23 silly audit   'err-code': [ '2.0.3' ],
23 silly audit   errno: [ '0.1.8' ],
23 silly audit   'error-ex': [ '1.3.2' ],
23 silly audit   'es-define-property': [ '1.0.0' ],
23 silly audit   'es-errors': [ '1.3.0' ],
23 silly audit   'es-module-lexer': [ '1.5.4' ],
23 silly audit   esbuild: [ '0.20.1', '0.19.12' ],
23 silly audit   'esbuild-wasm': [ '0.20.1' ],
23 silly audit   escalade: [ '3.1.2' ],
23 silly audit   'escape-html': [ '1.0.3' ],
23 silly audit   'escape-string-regexp': [ '1.0.5' ],
23 silly audit   'eslint-scope': [ '5.1.1' ],
23 silly audit   esprima: [ '4.0.1' ],
23 silly audit   esrecurse: [ '4.3.0' ],
23 silly audit   estraverse: [ '5.3.0', '4.3.0' ],
23 silly audit   esutils: [ '2.0.3' ],
23 silly audit   etag: [ '1.8.1' ],
23 silly audit   eventemitter3: [ '4.0.7' ],
23 silly audit   events: [ '3.3.0' ],
23 silly audit   execa: [ '5.1.1' ],
23 silly audit   'exponential-backoff': [ '3.1.1' ],
23 silly audit   express: [ '4.19.2' ],
23 silly audit   finalhandler: [ '1.2.0', '1.1.2' ],
23 silly audit   statuses: [ '2.0.1', '1.5.0' ],
23 silly audit   extend: [ '3.0.2' ],
23 silly audit   'external-editor': [ '3.1.0' ],
23 silly audit   'fast-deep-equal': [ '3.1.3' ],
23 silly audit   'fast-glob': [ '3.3.2' ],
23 silly audit   'fast-json-stable-stringify': [ '2.1.0' ],
23 silly audit   fastq: [ '1.17.1' ],
23 silly audit   'faye-websocket': [ '0.11.4' ],
23 silly audit   figures: [ '3.2.0' ],
23 silly audit   'fill-range': [ '7.1.1' ],
23 silly audit   'on-finished': [ '2.3.0', '2.4.1' ],
23 silly audit   'find-cache-dir': [ '4.0.0' ],
23 silly audit   'find-up': [ '4.1.0', '6.3.0' ],
23 silly audit   flat: [ '5.0.2' ],
23 silly audit   flatted: [ '3.3.1' ],
23 silly audit   'follow-redirects': [ '1.15.6' ],
23 silly audit   'foreground-child': [ '3.2.1' ],
23 silly audit   'signal-exit': [ '4.1.0', '3.0.7' ],
23 silly audit   forwarded: [ '0.2.0' ],
23 silly audit   'fraction.js': [ '4.3.7' ],
23 silly audit   fresh: [ '0.5.2' ],
23 silly audit   'fs-extra': [ '8.1.0' ],
23 silly audit   'fs-minipass': [ '3.0.3', '2.1.0' ],
23 silly audit   'fs-monkey': [ '1.0.6' ],
23 silly audit   'fs.realpath': [ '1.0.0' ],
23 silly audit   fsevents: [ '2.3.3' ],
23 silly audit   'function-bind': [ '1.1.2' ],
23 silly audit   gensync: [ '1.0.0-beta.2' ],
23 silly audit   'get-caller-file': [ '2.0.5' ],
23 silly audit   'get-intrinsic': [ '1.2.4' ],
23 silly audit   'get-package-type': [ '0.1.0' ],
23 silly audit   'get-stream': [ '6.0.1' ],
23 silly audit   'glob-to-regexp': [ '0.4.1' ],
23 silly audit   globals: [ '11.12.0' ],
23 silly audit   globby: [ '13.2.2' ],
23 silly audit   gopd: [ '1.0.1' ],
23 silly audit   'graceful-fs': [ '4.2.11' ],
23 silly audit   'handle-thing': [ '2.0.1' ],
23 silly audit   'has-property-descriptors': [ '1.0.2' ],
23 silly audit   'has-proto': [ '1.0.3' ],
23 silly audit   'has-symbols': [ '1.0.3' ],
23 silly audit   hasown: [ '2.0.2' ],
23 silly audit   'hosted-git-info': [ '7.0.2' ],
23 silly audit   'hpack.js': [ '2.1.6' ],
23 silly audit   'readable-stream': [ '2.3.8', '3.6.2' ],
23 silly audit   string_decoder: [ '1.1.1', '1.3.0' ],
23 silly audit   'html-entities': [ '2.5.2' ],
23 silly audit   'html-escaper': [ '2.0.2' ],
23 silly audit   htmlparser2: [ '8.0.2' ],
23 silly audit   'http-cache-semantics': [ '4.1.1' ],
23 silly audit   'http-deceiver': [ '1.2.7' ],
23 silly audit   'http-errors': [ '2.0.0', '1.6.3' ],
23 silly audit   'http-parser-js': [ '0.5.8' ],
23 silly audit   'http-proxy': [ '1.18.1' ],
23 silly audit   'http-proxy-agent': [ '7.0.2' ],
23 silly audit   'http-proxy-middleware': [ '2.0.6' ],
23 silly audit   'https-proxy-agent': [ '7.0.4' ],
23 silly audit   'human-signals': [ '2.1.0' ],
23 silly audit   'icss-utils': [ '5.1.0' ],
23 silly audit   ieee754: [ '1.2.1' ],
23 silly audit   ignore: [ '5.3.1' ],
23 silly audit   'ignore-walk': [ '6.0.5' ],
23 silly audit   'image-size': [ '0.5.5' ],
23 silly audit   immutable: [ '4.3.7' ],
23 silly audit   'import-fresh': [ '3.3.0' ],
23 silly audit   'resolve-from': [ '4.0.0', '5.0.0' ],
23 silly audit   imurmurhash: [ '0.1.4' ],
23 silly audit   'indent-string': [ '4.0.0' ],
23 silly audit   inflight: [ '1.0.6' ],
23 silly audit   inherits: [ '2.0.4', '2.0.3' ],
23 silly audit   inquirer: [ '9.2.15' ],
23 silly audit   'ip-address': [ '9.0.5' ],
23 silly audit   'sprintf-js': [ '1.1.3', '1.0.3' ],
23 silly audit   'ipaddr.js': [ '2.2.0', '1.9.1' ],
23 silly audit   'is-arrayish': [ '0.2.1' ],
23 silly audit   'is-binary-path': [ '2.1.0' ],
23 silly audit   'is-core-module': [ '2.15.0' ],
23 silly audit   'is-docker': [ '2.2.1' ],
23 silly audit   'is-extglob': [ '2.1.1' ],
23 silly audit   'is-fullwidth-code-point': [ '3.0.0' ],
23 silly audit   'is-glob': [ '4.0.3' ],
23 silly audit   'is-interactive': [ '1.0.0' ],
23 silly audit   'is-lambda': [ '1.0.1' ],
23 silly audit   'is-number': [ '7.0.0' ],
23 silly audit   'is-plain-obj': [ '3.0.0' ],
23 silly audit   'is-plain-object': [ '2.0.4' ],
23 silly audit   'is-stream': [ '2.0.1' ],
23 silly audit   'is-unicode-supported': [ '0.1.0' ],
23 silly audit   'is-what': [ '3.14.1' ],
23 silly audit   'is-wsl': [ '2.2.0' ],
23 silly audit   isarray: [ '1.0.0' ],
23 silly audit   isbinaryfile: [ '4.0.10' ],
23 silly audit   isobject: [ '3.0.1' ],
23 silly audit   'istanbul-lib-coverage': [ '3.2.2' ],
23 silly audit   'istanbul-lib-instrument': [ '5.2.1' ],
23 silly audit   'istanbul-lib-report': [ '3.0.1' ],
23 silly audit   'istanbul-lib-source-maps': [ '4.0.1' ],
23 silly audit   'source-map': [ '0.6.1', '0.7.4' ],
23 silly audit   'istanbul-reports': [ '3.1.7' ],
23 silly audit   jackspeak: [ '3.4.3' ],
23 silly audit   'jasmine-core': [ '5.1.2', '4.6.1' ],
23 silly audit   'jest-worker': [ '27.5.1' ],
23 silly audit   jiti: [ '1.21.6' ],
23 silly audit   'js-tokens': [ '4.0.0' ],
23 silly audit   jsbn: [ '1.1.0' ],
23 silly audit   jsesc: [ '2.5.2', '0.5.0' ],
23 silly audit   'json-parse-even-better-errors': [ '3.0.2', '2.3.1' ],
23 silly audit   'json-schema-traverse': [ '1.0.0', '0.4.1' ],
23 silly audit   json5: [ '2.2.3' ],
23 silly audit   'jsonc-parser': [ '3.2.1' ],
23 silly audit   jsonfile: [ '4.0.0' ],
23 silly audit   jsonparse: [ '1.3.1' ],
23 silly audit   karma: [ '6.4.4' ],
23 silly audit   'karma-chrome-launcher': [ '3.2.0' ],
23 silly audit   'karma-coverage': [ '2.2.1' ],
23 silly audit   'karma-jasmine': [ '5.1.0' ],
23 silly audit   'karma-jasmine-html-reporter': [ '2.1.0' ],
23 silly audit   'karma-source-map-support': [ '1.4.0' ],
23 silly audit   tmp: [ '0.2.3', '0.0.33' ],
23 silly audit   yargs: [ '16.2.0', '17.7.2' ],
23 silly audit   'yargs-parser': [ '20.2.9', '21.1.1' ],
23 silly audit   'kind-of': [ '6.0.3' ],
23 silly audit   klona: [ '2.0.6' ],
23 silly audit   'launch-editor': [ '2.8.0' ],
23 silly audit   less: [ '4.2.0' ],
23 silly audit   'less-loader': [ '11.1.0' ],
23 silly audit   'make-dir': [ '2.1.0', '4.0.0' ],
23 silly audit   mime: [ '1.6.0', '2.6.0' ],
23 silly audit   'license-webpack-plugin': [ '4.0.2' ],
23 silly audit   'lines-and-columns': [ '1.2.4' ],
23 silly audit   'loader-runner': [ '4.3.0' ],
23 silly audit   'locate-path': [ '5.0.0', '7.2.0' ],
23 silly audit   lodash: [ '4.17.21' ],
23 silly audit   'lodash.debounce': [ '4.0.8' ],
23 silly audit   'log-symbols': [ '4.1.0' ],
23 silly audit   log4js: [ '6.9.1' ],
23 silly audit   'magic-string': [ '0.30.8' ],
23 silly audit   'make-fetch-happen': [ '13.0.1' ],
23 silly audit   'media-typer': [ '0.3.0' ],
23 silly audit   memfs: [ '3.5.3' ],
23 silly audit   'merge-descriptors': [ '1.0.1' ],
23 silly audit   'merge-stream': [ '2.0.0' ],
23 silly audit   merge2: [ '1.4.1' ],
23 silly audit   methods: [ '1.1.2' ],
23 silly audit   micromatch: [ '4.0.7' ],
23 silly audit   'mime-db': [ '1.52.0' ],
23 silly audit   'mime-types': [ '2.1.35' ],
23 silly audit   'mimic-fn': [ '2.1.0' ],
23 silly audit   'mini-css-extract-plugin': [ '2.8.1' ],
23 silly audit   'minimalistic-assert': [ '1.0.1' ],
23 silly audit   minimist: [ '1.2.8' ],
23 silly audit   minipass: [ '7.1.2', '3.3.6', '5.0.0' ],
23 silly audit   'minipass-collect': [ '2.0.1' ],
23 silly audit   'minipass-fetch': [ '3.0.5' ],
23 silly audit   'minipass-flush': [ '1.0.5' ],
23 silly audit   yallist: [ '4.0.0', '3.1.1' ],
23 silly audit   'minipass-json-stream': [ '1.0.2' ],
23 silly audit   'minipass-pipeline': [ '1.2.4' ],
23 silly audit   'minipass-sized': [ '1.0.3' ],
23 silly audit   minizlib: [ '2.1.2' ],
23 silly audit   mkdirp: [ '0.5.6', '1.0.4' ],
23 silly audit   mrmime: [ '2.0.0' ],
23 silly audit   'multicast-dns': [ '7.2.5' ],
23 silly audit   'mute-stream': [ '1.0.0' ],
23 silly audit   nanoid: [ '3.3.7' ],
23 silly audit   needle: [ '3.3.1' ],
23 silly audit   negotiator: [ '0.6.3' ],
23 silly audit   'neo-async': [ '2.6.2' ],
23 silly audit   'nice-napi': [ '1.0.2' ],
23 silly audit   'node-addon-api': [ '3.2.1' ],
23 silly audit   'node-forge': [ '1.3.1' ],
23 silly audit   'node-gyp': [ '10.2.0' ],
23 silly audit   'node-gyp-build': [ '4.8.1' ],
23 silly audit   'node-releases': [ '2.0.18' ],
23 silly audit   nopt: [ '7.2.1' ],
23 silly audit   'normalize-package-data': [ '6.0.2' ],
23 silly audit   'normalize-path': [ '3.0.0' ],
23 silly audit   'normalize-range': [ '0.1.2' ],
23 silly audit   'npm-bundled': [ '3.0.1' ],
23 silly audit   'npm-install-checks': [ '6.3.0' ],
23 silly audit   'npm-normalize-package-bin': [ '3.0.1' ],
23 silly audit   'npm-package-arg': [ '11.0.1' ],
23 silly audit   'npm-packlist': [ '8.0.2' ],
23 silly audit   'npm-pick-manifest': [ '9.0.0' ],
23 silly audit   'npm-registry-fetch': [ '16.2.1' ],
23 silly audit   'npm-run-path': [ '4.0.1' ],
23 silly audit   'nth-check': [ '2.1.1' ],
23 silly audit   'object-assign': [ '4.1.1' ],
23 silly audit   'object-inspect': [ '1.13.2' ],
23 silly audit   obuf: [ '1.1.2' ],
23 silly audit   'on-headers': [ '1.0.2' ],
23 silly audit   once: [ '1.4.0' ],
23 silly audit   onetime: [ '5.1.2' ],
23 silly audit   open: [ '8.4.2' ],
23 silly audit   ora: [ '5.4.1' ],
23 silly audit   'os-tmpdir': [ '1.0.2' ],
23 silly audit   'p-limit': [ '2.3.0', '4.0.0' ],
23 silly audit   'p-locate': [ '4.1.0', '6.0.0' ],
23 silly audit   'p-map': [ '4.0.0' ],
23 silly audit   'p-retry': [ '4.6.2' ],
23 silly audit   retry: [ '0.13.1', '0.12.0' ],
23 silly audit   'p-try': [ '2.2.0' ],
23 silly audit   'package-json-from-dist': [ '1.0.0' ],
23 silly audit   pacote: [ '17.0.6' ],
23 silly audit   'parent-module': [ '1.0.1' ],
23 silly audit   'parse-json': [ '5.2.0' ],
23 silly audit   'parse-node-version': [ '1.0.1' ],
23 silly audit   parse5: [ '7.1.2' ],
23 silly audit   'parse5-html-rewriting-stream': [ '7.0.0' ],
23 silly audit   'parse5-sax-parser': [ '7.0.0' ],
23 silly audit   parseurl: [ '1.3.3' ],
23 silly audit   'path-exists': [ '4.0.0', '5.0.0' ],
23 silly audit   'path-is-absolute': [ '1.0.1' ],
23 silly audit   'path-key': [ '3.1.1' ],
23 silly audit   'path-parse': [ '1.0.7' ],
23 silly audit   'path-scurry': [ '1.11.1' ],
23 silly audit   'path-to-regexp': [ '0.1.7' ],
23 silly audit   'path-type': [ '4.0.0' ],
23 silly audit   picocolors: [ '1.0.1' ],
23 silly audit   pify: [ '4.0.1' ],
23 silly audit   piscina: [ '4.4.0' ],
23 silly audit   'pkg-dir': [ '7.0.0' ],
23 silly audit   postcss: [ '8.4.35' ],
23 silly audit   'postcss-loader': [ '8.1.1' ],
23 silly audit   'postcss-media-query-parser': [ '0.2.3' ],
23 silly audit   'postcss-modules-extract-imports': [ '3.1.0' ],
23 silly audit   'postcss-modules-local-by-default': [ '4.0.5' ],
23 silly audit   'postcss-modules-scope': [ '3.2.0' ],
23 silly audit   'postcss-modules-values': [ '4.0.0' ],
23 silly audit   'postcss-selector-parser': [ '6.1.1' ],
23 silly audit   'postcss-value-parser': [ '4.2.0' ],
23 silly audit   'process-nextick-args': [ '2.0.1' ],
23 silly audit   'promise-inflight': [ '1.0.1' ],
23 silly audit   'promise-retry': [ '2.0.1' ],
23 silly audit   'proxy-addr': [ '2.0.7' ],
23 silly audit   prr: [ '1.0.1' ],
23 silly audit   punycode: [ '1.4.1', '2.3.1' ],
23 silly audit   qjobs: [ '1.2.0' ],
23 silly audit   qs: [ '6.11.0' ],
23 silly audit   'queue-microtask': [ '1.2.3' ],
23 silly audit   randombytes: [ '2.1.0' ],
23 silly audit   'range-parser': [ '1.2.1' ],
23 silly audit   'raw-body': [ '2.5.2' ],
23 silly audit   'read-package-json': [ '7.0.1' ],
23 silly audit   'read-package-json-fast': [ '3.0.2' ],
23 silly audit   readdirp: [ '3.6.0' ],
23 silly audit   'reflect-metadata': [ '0.2.2' ],
23 silly audit   regenerate: [ '1.4.2' ],
23 silly audit   'regenerate-unicode-properties': [ '10.1.1' ],
23 silly audit   'regenerator-runtime': [ '0.14.1' ],
23 silly audit   'regenerator-transform': [ '0.15.2' ],
23 silly audit   'regex-parser': [ '2.3.0' ],
23 silly audit   'regexpu-core': [ '5.3.2' ],
23 silly audit   regjsparser: [ '0.9.1' ],
23 silly audit   'require-directory': [ '2.1.1' ],
23 silly audit   'require-from-string': [ '2.0.2' ],
23 silly audit   'requires-port': [ '1.0.0' ],
23 silly audit   resolve: [ '1.22.8' ],
23 silly audit   'resolve-url-loader': [ '5.0.0' ],
23 silly audit   'restore-cursor': [ '3.1.0' ],
23 silly audit   reusify: [ '1.0.4' ],
23 silly audit   rfdc: [ '1.4.1' ],
23 silly audit   rimraf: [ '3.0.2' ],
23 silly audit   rollup: [ '4.19.2' ],
23 silly audit   'run-async': [ '3.0.0' ],
23 silly audit   'run-parallel': [ '1.2.0' ],
23 silly audit   rxjs: [ '7.8.1' ],
23 silly audit   'safer-buffer': [ '2.1.2' ],
23 silly audit   sass: [ '1.71.1' ],
23 silly audit   'sass-loader': [ '14.1.1' ],
23 silly audit   sax: [ '1.4.1' ],
23 silly audit   'schema-utils': [ '4.2.0', '3.3.0' ],
23 silly audit   'select-hose': [ '2.0.0' ],
23 silly audit   selfsigned: [ '2.4.1' ],
23 silly audit   send: [ '0.18.0' ],
23 silly audit   'serialize-javascript': [ '6.0.2' ],
23 silly audit   'serve-index': [ '1.9.1' ],
23 silly audit   setprototypeof: [ '1.1.0', '1.2.0' ],
23 silly audit   'serve-static': [ '1.15.0' ],
23 silly audit   'set-function-length': [ '1.2.2' ],
23 silly audit   'shallow-clone': [ '3.0.1' ],
23 silly audit   'shebang-command': [ '2.0.0' ],
23 silly audit   'shebang-regex': [ '3.0.0' ],
23 silly audit   'shell-quote': [ '1.8.1' ],
23 silly audit   'side-channel': [ '1.0.6' ],
23 silly audit   sigstore: [ '2.3.1' ],
23 silly audit   slash: [ '4.0.0' ],
23 silly audit   'smart-buffer': [ '4.2.0' ],
23 silly audit   'socket.io': [ '4.7.5' ],
23 silly audit   'socket.io-adapter': [ '2.5.5' ],
23 silly audit   'socket.io-parser': [ '4.2.4' ],
23 silly audit   sockjs: [ '0.3.24' ],
23 silly audit   socks: [ '2.8.3' ],
23 silly audit   'socks-proxy-agent': [ '8.0.4' ],
23 silly audit   'source-map-js': [ '1.2.0' ],
23 silly audit   'source-map-loader': [ '5.0.0' ],
23 silly audit   'source-map-support': [ '0.5.21' ],
23 silly audit   'spdx-correct': [ '3.2.0' ],
23 silly audit   'spdx-exceptions': [ '2.5.0' ],
23 silly audit   'spdx-expression-parse': [ '3.0.1' ],
23 silly audit   'spdx-license-ids': [ '3.0.18' ],
23 silly audit   spdy: [ '4.0.2' ],
23 silly audit   'spdy-transport': [ '3.0.0' ],
23 silly audit   ssri: [ '10.0.6' ],
23 silly audit   streamroller: [ '3.1.5' ],
23 silly audit   'strip-final-newline': [ '2.0.0' ],
23 silly audit   'supports-preserve-symlinks-flag': [ '1.0.0' ],
23 silly audit   'symbol-observable': [ '4.0.0' ],
23 silly audit   tapable: [ '2.2.1' ],
23 silly audit   tar: [ '6.2.1' ],
23 silly audit   terser: [ '5.29.1' ],
23 silly audit   'terser-webpack-plugin': [ '5.3.10' ],
23 silly audit   'test-exclude': [ '6.0.0' ],
23 silly audit   thunky: [ '1.1.0' ],
23 silly audit   'to-fast-properties': [ '2.0.0' ],
23 silly audit   'to-regex-range': [ '5.0.1' ],
23 silly audit   toidentifier: [ '1.0.1' ],
23 silly audit   'tree-kill': [ '1.2.2' ],
23 silly audit   'tuf-js': [ '2.2.1' ],
23 silly audit   'type-fest': [ '0.21.3' ],
23 silly audit   'type-is': [ '1.6.18' ],
23 silly audit   'typed-assert': [ '1.0.9' ],
23 silly audit   typescript: [ '5.4.5' ],
23 silly audit   'ua-parser-js': [ '0.7.38' ],
23 silly audit   undici: [ '6.11.1' ],
23 silly audit   'undici-types': [ '6.13.0' ],
23 silly audit   'unicode-canonical-property-names-ecmascript': [ '2.0.0' ],
23 silly audit   'unicode-match-property-ecmascript': [ '2.0.0' ],
23 silly audit   'unicode-match-property-value-ecmascript': [ '2.1.0' ],
23 silly audit   'unicode-property-aliases-ecmascript': [ '2.1.0' ],
23 silly audit   'unique-filename': [ '3.0.0' ],
23 silly audit   'unique-slug': [ '4.0.0' ],
23 silly audit   universalify: [ '0.1.2' ],
23 silly audit   unpipe: [ '1.0.0' ],
23 silly audit   'update-browserslist-db': [ '1.1.0' ],
23 silly audit   'uri-js': [ '4.4.1' ],
23 silly audit   'util-deprecate': [ '1.0.2' ],
23 silly audit   'utils-merge': [ '1.0.1' ],
23 silly audit   uuid: [ '8.3.2' ],
23 silly audit   'validate-npm-package-license': [ '3.0.4' ],
23 silly audit   'validate-npm-package-name': [ '5.0.1' ],
23 silly audit   vary: [ '1.1.2' ],
23 silly audit   vite: [ '5.1.7' ],
23 silly audit   'void-elements': [ '2.0.1' ],
23 silly audit   watchpack: [ '2.4.0' ],
23 silly audit   wbuf: [ '1.7.3' ],
23 silly audit   wcwidth: [ '1.0.1' ],
23 silly audit   webpack: [ '5.90.3' ],
23 silly audit   'webpack-dev-middleware': [ '6.1.2', '5.3.4' ],
23 silly audit   'webpack-dev-server': [ '4.15.1' ],
23 silly audit   'webpack-merge': [ '5.10.0' ],
23 silly audit   'webpack-sources': [ '3.2.3' ],
23 silly audit   'webpack-subresource-integrity': [ '5.1.0' ],
23 silly audit   'websocket-driver': [ '0.7.4' ],
23 silly audit   'websocket-extensions': [ '0.1.4' ],
23 silly audit   wildcard: [ '2.0.1' ],
23 silly audit   wrappy: [ '1.0.2' ],
23 silly audit   ws: [ '8.17.1' ],
23 silly audit   y18n: [ '5.0.8' ],
23 silly audit   'yocto-queue': [ '1.1.1' ],
23 silly audit   'zone.js': [ '0.14.8' ],
23 silly audit   '@angular/elements': [ '17.3.12' ]
23 silly audit }
24 verbose reify failed optional dependency D:\Users\marco\Documents\GitHub\charsheet\node_modules\nice-napi
25 silly reify mark deleted [
25 silly reify   'D:\\Users\\marco\\Documents\\GitHub\\charsheet\\node_modules\\nice-napi'
25 silly reify ]
26 verbose reify failed optional dependency D:\Users\marco\Documents\GitHub\charsheet\node_modules\node-addon-api
27 silly reify mark deleted [
27 silly reify   'D:\\Users\\marco\\Documents\\GitHub\\charsheet\\node_modules\\node-addon-api'
27 silly reify ]
28 verbose reify failed optional dependency D:\Users\marco\Documents\GitHub\charsheet\node_modules\node-gyp-build
29 silly reify mark deleted [
29 silly reify   'D:\\Users\\marco\\Documents\\GitHub\\charsheet\\node_modules\\node-gyp-build',
29 silly reify   'D:\\Users\\marco\\Documents\\GitHub\\charsheet\\node_modules\\.bin\\node-gyp-build',
29 silly reify   'D:\\Users\\marco\\Documents\\GitHub\\charsheet\\node_modules\\.bin\\node-gyp-build.cmd',
29 silly reify   'D:\\Users\\marco\\Documents\\GitHub\\charsheet\\node_modules\\.bin\\node-gyp-build.ps1',
29 silly reify   'D:\\Users\\marco\\Documents\\GitHub\\charsheet\\node_modules\\.bin\\node-gyp-build-optional',
29 silly reify   'D:\\Users\\marco\\Documents\\GitHub\\charsheet\\node_modules\\.bin\\node-gyp-build-optional.cmd',
29 silly reify   'D:\\Users\\marco\\Documents\\GitHub\\charsheet\\node_modules\\.bin\\node-gyp-build-optional.ps1',
29 silly reify   'D:\\Users\\marco\\Documents\\GitHub\\charsheet\\node_modules\\.bin\\node-gyp-build-test',
29 silly reify   'D:\\Users\\marco\\Documents\\GitHub\\charsheet\\node_modules\\.bin\\node-gyp-build-test.cmd',
29 silly reify   'D:\\Users\\marco\\Documents\\GitHub\\charsheet\\node_modules\\.bin\\node-gyp-build-test.ps1'
29 silly reify ]
30 verbose reify failed optional dependency D:\Users\marco\Documents\GitHub\charsheet\node_modules\fsevents
31 silly reify mark deleted [
31 silly reify   'D:\\Users\\marco\\Documents\\GitHub\\charsheet\\node_modules\\fsevents'
31 silly reify ]
32 verbose reify failed optional dependency D:\Users\marco\Documents\GitHub\charsheet\node_modules\@rollup\rollup-win32-ia32-msvc
33 silly reify mark deleted [
33 silly reify   'D:\\Users\\marco\\Documents\\GitHub\\charsheet\\node_modules\\@rollup\\rollup-win32-ia32-msvc'
33 silly reify ]
34 verbose reify failed optional dependency D:\Users\marco\Documents\GitHub\charsheet\node_modules\@rollup\rollup-win32-arm64-msvc
35 silly reify mark deleted [
35 silly reify   'D:\\Users\\marco\\Documents\\GitHub\\charsheet\\node_modules\\@rollup\\rollup-win32-arm64-msvc'
35 silly reify ]
36 verbose reify failed optional dependency D:\Users\marco\Documents\GitHub\charsheet\node_modules\@rollup\rollup-linux-x64-musl
37 silly reify mark deleted [
37 silly reify   'D:\\Users\\marco\\Documents\\GitHub\\charsheet\\node_modules\\@rollup\\rollup-linux-x64-musl'
37 silly reify ]
38 verbose reify failed optional dependency D:\Users\marco\Documents\GitHub\charsheet\node_modules\@rollup\rollup-linux-x64-gnu
39 silly reify mark deleted [
39 silly reify   'D:\\Users\\marco\\Documents\\GitHub\\charsheet\\node_modules\\@rollup\\rollup-linux-x64-gnu'
39 silly reify ]
40 verbose reify failed optional dependency D:\Users\marco\Documents\GitHub\charsheet\node_modules\@rollup\rollup-linux-s390x-gnu
41 silly reify mark deleted [
41 silly reify   'D:\\Users\\marco\\Documents\\GitHub\\charsheet\\node_modules\\@rollup\\rollup-linux-s390x-gnu'
41 silly reify ]
42 verbose reify failed optional dependency D:\Users\marco\Documents\GitHub\charsheet\node_modules\@rollup\rollup-linux-riscv64-gnu
43 silly reify mark deleted [
43 silly reify   'D:\\Users\\marco\\Documents\\GitHub\\charsheet\\node_modules\\@rollup\\rollup-linux-riscv64-gnu'
43 silly reify ]
44 verbose reify failed optional dependency D:\Users\marco\Documents\GitHub\charsheet\node_modules\@rollup\rollup-linux-powerpc64le-gnu
45 silly reify mark deleted [
45 silly reify   'D:\\Users\\marco\\Documents\\GitHub\\charsheet\\node_modules\\@rollup\\rollup-linux-powerpc64le-gnu'
45 silly reify ]
46 verbose reify failed optional dependency D:\Users\marco\Documents\GitHub\charsheet\node_modules\@rollup\rollup-linux-arm64-musl
47 silly reify mark deleted [
47 silly reify   'D:\\Users\\marco\\Documents\\GitHub\\charsheet\\node_modules\\@rollup\\rollup-linux-arm64-musl'
47 silly reify ]
48 verbose reify failed optional dependency D:\Users\marco\Documents\GitHub\charsheet\node_modules\@rollup\rollup-linux-arm64-gnu
49 silly reify mark deleted [
49 silly reify   'D:\\Users\\marco\\Documents\\GitHub\\charsheet\\node_modules\\@rollup\\rollup-linux-arm64-gnu'
49 silly reify ]
50 verbose reify failed optional dependency D:\Users\marco\Documents\GitHub\charsheet\node_modules\@rollup\rollup-linux-arm-musleabihf
51 silly reify mark deleted [
51 silly reify   'D:\\Users\\marco\\Documents\\GitHub\\charsheet\\node_modules\\@rollup\\rollup-linux-arm-musleabihf'
51 silly reify ]
52 verbose reify failed optional dependency D:\Users\marco\Documents\GitHub\charsheet\node_modules\@rollup\rollup-linux-arm-gnueabihf
53 silly reify mark deleted [
53 silly reify   'D:\\Users\\marco\\Documents\\GitHub\\charsheet\\node_modules\\@rollup\\rollup-linux-arm-gnueabihf'
53 silly reify ]
54 verbose reify failed optional dependency D:\Users\marco\Documents\GitHub\charsheet\node_modules\@rollup\rollup-darwin-x64
55 silly reify mark deleted [
55 silly reify   'D:\\Users\\marco\\Documents\\GitHub\\charsheet\\node_modules\\@rollup\\rollup-darwin-x64'
55 silly reify ]
56 verbose reify failed optional dependency D:\Users\marco\Documents\GitHub\charsheet\node_modules\@rollup\rollup-darwin-arm64
57 silly reify mark deleted [
57 silly reify   'D:\\Users\\marco\\Documents\\GitHub\\charsheet\\node_modules\\@rollup\\rollup-darwin-arm64'
57 silly reify ]
58 verbose reify failed optional dependency D:\Users\marco\Documents\GitHub\charsheet\node_modules\@rollup\rollup-android-arm64
59 silly reify mark deleted [
59 silly reify   'D:\\Users\\marco\\Documents\\GitHub\\charsheet\\node_modules\\@rollup\\rollup-android-arm64'
59 silly reify ]
60 verbose reify failed optional dependency D:\Users\marco\Documents\GitHub\charsheet\node_modules\@rollup\rollup-android-arm-eabi
61 silly reify mark deleted [
61 silly reify   'D:\\Users\\marco\\Documents\\GitHub\\charsheet\\node_modules\\@rollup\\rollup-android-arm-eabi'
61 silly reify ]
62 verbose reify failed optional dependency D:\Users\marco\Documents\GitHub\charsheet\node_modules\@esbuild\win32-ia32
63 silly reify mark deleted [
63 silly reify   'D:\\Users\\marco\\Documents\\GitHub\\charsheet\\node_modules\\@esbuild\\win32-ia32'
63 silly reify ]
64 verbose reify failed optional dependency D:\Users\marco\Documents\GitHub\charsheet\node_modules\@esbuild\win32-arm64
65 silly reify mark deleted [
65 silly reify   'D:\\Users\\marco\\Documents\\GitHub\\charsheet\\node_modules\\@esbuild\\win32-arm64'
65 silly reify ]
66 verbose reify failed optional dependency D:\Users\marco\Documents\GitHub\charsheet\node_modules\@esbuild\sunos-x64
67 silly reify mark deleted [
67 silly reify   'D:\\Users\\marco\\Documents\\GitHub\\charsheet\\node_modules\\@esbuild\\sunos-x64'
67 silly reify ]
68 verbose reify failed optional dependency D:\Users\marco\Documents\GitHub\charsheet\node_modules\@esbuild\openbsd-x64
69 silly reify mark deleted [
69 silly reify   'D:\\Users\\marco\\Documents\\GitHub\\charsheet\\node_modules\\@esbuild\\openbsd-x64'
69 silly reify ]
70 verbose reify failed optional dependency D:\Users\marco\Documents\GitHub\charsheet\node_modules\@esbuild\netbsd-x64
71 silly reify mark deleted [
71 silly reify   'D:\\Users\\marco\\Documents\\GitHub\\charsheet\\node_modules\\@esbuild\\netbsd-x64'
71 silly reify ]
72 verbose reify failed optional dependency D:\Users\marco\Documents\GitHub\charsheet\node_modules\@esbuild\linux-x64
73 silly reify mark deleted [
73 silly reify   'D:\\Users\\marco\\Documents\\GitHub\\charsheet\\node_modules\\@esbuild\\linux-x64'
73 silly reify ]
74 verbose reify failed optional dependency D:\Users\marco\Documents\GitHub\charsheet\node_modules\@esbuild\linux-s390x
75 silly reify mark deleted [
75 silly reify   'D:\\Users\\marco\\Documents\\GitHub\\charsheet\\node_modules\\@esbuild\\linux-s390x'
75 silly reify ]
76 verbose reify failed optional dependency D:\Users\marco\Documents\GitHub\charsheet\node_modules\@esbuild\linux-riscv64
77 silly reify mark deleted [
77 silly reify   'D:\\Users\\marco\\Documents\\GitHub\\charsheet\\node_modules\\@esbuild\\linux-riscv64'
77 silly reify ]
78 verbose reify failed optional dependency D:\Users\marco\Documents\GitHub\charsheet\node_modules\@esbuild\linux-ppc64
79 silly reify mark deleted [
79 silly reify   'D:\\Users\\marco\\Documents\\GitHub\\charsheet\\node_modules\\@esbuild\\linux-ppc64'
79 silly reify ]
80 verbose reify failed optional dependency D:\Users\marco\Documents\GitHub\charsheet\node_modules\@esbuild\linux-mips64el
81 silly reify mark deleted [
81 silly reify   'D:\\Users\\marco\\Documents\\GitHub\\charsheet\\node_modules\\@esbuild\\linux-mips64el'
81 silly reify ]
82 verbose reify failed optional dependency D:\Users\marco\Documents\GitHub\charsheet\node_modules\@esbuild\linux-loong64
83 silly reify mark deleted [
83 silly reify   'D:\\Users\\marco\\Documents\\GitHub\\charsheet\\node_modules\\@esbuild\\linux-loong64'
83 silly reify ]
84 verbose reify failed optional dependency D:\Users\marco\Documents\GitHub\charsheet\node_modules\@esbuild\linux-ia32
85 silly reify mark deleted [
85 silly reify   'D:\\Users\\marco\\Documents\\GitHub\\charsheet\\node_modules\\@esbuild\\linux-ia32'
85 silly reify ]
86 verbose reify failed optional dependency D:\Users\marco\Documents\GitHub\charsheet\node_modules\@esbuild\linux-arm64
87 silly reify mark deleted [
87 silly reify   'D:\\Users\\marco\\Documents\\GitHub\\charsheet\\node_modules\\@esbuild\\linux-arm64'
87 silly reify ]
88 verbose reify failed optional dependency D:\Users\marco\Documents\GitHub\charsheet\node_modules\@esbuild\linux-arm
89 silly reify mark deleted [
89 silly reify   'D:\\Users\\marco\\Documents\\GitHub\\charsheet\\node_modules\\@esbuild\\linux-arm'
89 silly reify ]
90 verbose reify failed optional dependency D:\Users\marco\Documents\GitHub\charsheet\node_modules\@esbuild\freebsd-x64
91 silly reify mark deleted [
91 silly reify   'D:\\Users\\marco\\Documents\\GitHub\\charsheet\\node_modules\\@esbuild\\freebsd-x64'
91 silly reify ]
92 verbose reify failed optional dependency D:\Users\marco\Documents\GitHub\charsheet\node_modules\@esbuild\freebsd-arm64
93 silly reify mark deleted [
93 silly reify   'D:\\Users\\marco\\Documents\\GitHub\\charsheet\\node_modules\\@esbuild\\freebsd-arm64'
93 silly reify ]
94 verbose reify failed optional dependency D:\Users\marco\Documents\GitHub\charsheet\node_modules\@esbuild\darwin-x64
95 silly reify mark deleted [
95 silly reify   'D:\\Users\\marco\\Documents\\GitHub\\charsheet\\node_modules\\@esbuild\\darwin-x64'
95 silly reify ]
96 verbose reify failed optional dependency D:\Users\marco\Documents\GitHub\charsheet\node_modules\@esbuild\darwin-arm64
97 silly reify mark deleted [
97 silly reify   'D:\\Users\\marco\\Documents\\GitHub\\charsheet\\node_modules\\@esbuild\\darwin-arm64'
97 silly reify ]
98 verbose reify failed optional dependency D:\Users\marco\Documents\GitHub\charsheet\node_modules\@esbuild\android-x64
99 silly reify mark deleted [
99 silly reify   'D:\\Users\\marco\\Documents\\GitHub\\charsheet\\node_modules\\@esbuild\\android-x64'
99 silly reify ]
100 verbose reify failed optional dependency D:\Users\marco\Documents\GitHub\charsheet\node_modules\@esbuild\android-arm64
101 silly reify mark deleted [
101 silly reify   'D:\\Users\\marco\\Documents\\GitHub\\charsheet\\node_modules\\@esbuild\\android-arm64'
101 silly reify ]
102 verbose reify failed optional dependency D:\Users\marco\Documents\GitHub\charsheet\node_modules\@esbuild\android-arm
103 silly reify mark deleted [
103 silly reify   'D:\\Users\\marco\\Documents\\GitHub\\charsheet\\node_modules\\@esbuild\\android-arm'
103 silly reify ]
104 verbose reify failed optional dependency D:\Users\marco\Documents\GitHub\charsheet\node_modules\@esbuild\aix-ppc64
105 silly reify mark deleted [
105 silly reify   'D:\\Users\\marco\\Documents\\GitHub\\charsheet\\node_modules\\@esbuild\\aix-ppc64'
105 silly reify ]
106 verbose reify failed optional dependency D:\Users\marco\Documents\GitHub\charsheet\node_modules\vite\node_modules\@esbuild\win32-ia32
107 silly reify mark deleted [
107 silly reify   'D:\\Users\\marco\\Documents\\GitHub\\charsheet\\node_modules\\vite\\node_modules\\@esbuild\\win32-ia32'
107 silly reify ]
108 verbose reify failed optional dependency D:\Users\marco\Documents\GitHub\charsheet\node_modules\vite\node_modules\@esbuild\win32-arm64
109 silly reify mark deleted [
109 silly reify   'D:\\Users\\marco\\Documents\\GitHub\\charsheet\\node_modules\\vite\\node_modules\\@esbuild\\win32-arm64'
109 silly reify ]
110 verbose reify failed optional dependency D:\Users\marco\Documents\GitHub\charsheet\node_modules\vite\node_modules\@esbuild\sunos-x64
111 silly reify mark deleted [
111 silly reify   'D:\\Users\\marco\\Documents\\GitHub\\charsheet\\node_modules\\vite\\node_modules\\@esbuild\\sunos-x64'
111 silly reify ]
112 verbose reify failed optional dependency D:\Users\marco\Documents\GitHub\charsheet\node_modules\vite\node_modules\@esbuild\openbsd-x64
113 silly reify mark deleted [
113 silly reify   'D:\\Users\\marco\\Documents\\GitHub\\charsheet\\node_modules\\vite\\node_modules\\@esbuild\\openbsd-x64'
113 silly reify ]
114 verbose reify failed optional dependency D:\Users\marco\Documents\GitHub\charsheet\node_modules\vite\node_modules\@esbuild\netbsd-x64
115 silly reify mark deleted [
115 silly reify   'D:\\Users\\marco\\Documents\\GitHub\\charsheet\\node_modules\\vite\\node_modules\\@esbuild\\netbsd-x64'
115 silly reify ]
116 verbose reify failed optional dependency D:\Users\marco\Documents\GitHub\charsheet\node_modules\vite\node_modules\@esbuild\linux-x64
117 silly reify mark deleted [
117 silly reify   'D:\\Users\\marco\\Documents\\GitHub\\charsheet\\node_modules\\vite\\node_modules\\@esbuild\\linux-x64'
117 silly reify ]
118 verbose reify failed optional dependency D:\Users\marco\Documents\GitHub\charsheet\node_modules\vite\node_modules\@esbuild\linux-s390x
119 silly reify mark deleted [
119 silly reify   'D:\\Users\\marco\\Documents\\GitHub\\charsheet\\node_modules\\vite\\node_modules\\@esbuild\\linux-s390x'
119 silly reify ]
120 verbose reify failed optional dependency D:\Users\marco\Documents\GitHub\charsheet\node_modules\vite\node_modules\@esbuild\linux-riscv64
121 silly reify mark deleted [
121 silly reify   'D:\\Users\\marco\\Documents\\GitHub\\charsheet\\node_modules\\vite\\node_modules\\@esbuild\\linux-riscv64'
121 silly reify ]
122 verbose reify failed optional dependency D:\Users\marco\Documents\GitHub\charsheet\node_modules\vite\node_modules\@esbuild\linux-ppc64
123 silly reify mark deleted [
123 silly reify   'D:\\Users\\marco\\Documents\\GitHub\\charsheet\\node_modules\\vite\\node_modules\\@esbuild\\linux-ppc64'
123 silly reify ]
124 verbose reify failed optional dependency D:\Users\marco\Documents\GitHub\charsheet\node_modules\vite\node_modules\@esbuild\linux-mips64el
125 silly reify mark deleted [
125 silly reify   'D:\\Users\\marco\\Documents\\GitHub\\charsheet\\node_modules\\vite\\node_modules\\@esbuild\\linux-mips64el'
125 silly reify ]
126 verbose reify failed optional dependency D:\Users\marco\Documents\GitHub\charsheet\node_modules\vite\node_modules\@esbuild\linux-loong64
127 silly reify mark deleted [
127 silly reify   'D:\\Users\\marco\\Documents\\GitHub\\charsheet\\node_modules\\vite\\node_modules\\@esbuild\\linux-loong64'
127 silly reify ]
128 verbose reify failed optional dependency D:\Users\marco\Documents\GitHub\charsheet\node_modules\vite\node_modules\@esbuild\linux-ia32
129 silly reify mark deleted [
129 silly reify   'D:\\Users\\marco\\Documents\\GitHub\\charsheet\\node_modules\\vite\\node_modules\\@esbuild\\linux-ia32'
129 silly reify ]
130 verbose reify failed optional dependency D:\Users\marco\Documents\GitHub\charsheet\node_modules\vite\node_modules\@esbuild\linux-arm64
131 silly reify mark deleted [
131 silly reify   'D:\\Users\\marco\\Documents\\GitHub\\charsheet\\node_modules\\vite\\node_modules\\@esbuild\\linux-arm64'
131 silly reify ]
132 verbose reify failed optional dependency D:\Users\marco\Documents\GitHub\charsheet\node_modules\vite\node_modules\@esbuild\linux-arm
133 silly reify mark deleted [
133 silly reify   'D:\\Users\\marco\\Documents\\GitHub\\charsheet\\node_modules\\vite\\node_modules\\@esbuild\\linux-arm'
133 silly reify ]
134 verbose reify failed optional dependency D:\Users\marco\Documents\GitHub\charsheet\node_modules\vite\node_modules\@esbuild\freebsd-x64
135 silly reify mark deleted [
135 silly reify   'D:\\Users\\marco\\Documents\\GitHub\\charsheet\\node_modules\\vite\\node_modules\\@esbuild\\freebsd-x64'
135 silly reify ]
136 verbose reify failed optional dependency D:\Users\marco\Documents\GitHub\charsheet\node_modules\vite\node_modules\@esbuild\freebsd-arm64
137 silly reify mark deleted [
137 silly reify   'D:\\Users\\marco\\Documents\\GitHub\\charsheet\\node_modules\\vite\\node_modules\\@esbuild\\freebsd-arm64'
137 silly reify ]
138 verbose reify failed optional dependency D:\Users\marco\Documents\GitHub\charsheet\node_modules\vite\node_modules\@esbuild\darwin-x64
139 silly reify mark deleted [
139 silly reify   'D:\\Users\\marco\\Documents\\GitHub\\charsheet\\node_modules\\vite\\node_modules\\@esbuild\\darwin-x64'
139 silly reify ]
140 verbose reify failed optional dependency D:\Users\marco\Documents\GitHub\charsheet\node_modules\vite\node_modules\@esbuild\darwin-arm64
141 silly reify mark deleted [
141 silly reify   'D:\\Users\\marco\\Documents\\GitHub\\charsheet\\node_modules\\vite\\node_modules\\@esbuild\\darwin-arm64'
141 silly reify ]
142 verbose reify failed optional dependency D:\Users\marco\Documents\GitHub\charsheet\node_modules\vite\node_modules\@esbuild\android-x64
143 silly reify mark deleted [
143 silly reify   'D:\\Users\\marco\\Documents\\GitHub\\charsheet\\node_modules\\vite\\node_modules\\@esbuild\\android-x64'
143 silly reify ]
144 verbose reify failed optional dependency D:\Users\marco\Documents\GitHub\charsheet\node_modules\vite\node_modules\@esbuild\android-arm64
145 silly reify mark deleted [
145 silly reify   'D:\\Users\\marco\\Documents\\GitHub\\charsheet\\node_modules\\vite\\node_modules\\@esbuild\\android-arm64'
145 silly reify ]
146 verbose reify failed optional dependency D:\Users\marco\Documents\GitHub\charsheet\node_modules\vite\node_modules\@esbuild\android-arm
147 silly reify mark deleted [
147 silly reify   'D:\\Users\\marco\\Documents\\GitHub\\charsheet\\node_modules\\vite\\node_modules\\@esbuild\\android-arm'
147 silly reify ]
148 verbose reify failed optional dependency D:\Users\marco\Documents\GitHub\charsheet\node_modules\vite\node_modules\@esbuild\aix-ppc64
149 silly reify mark deleted [
149 silly reify   'D:\\Users\\marco\\Documents\\GitHub\\charsheet\\node_modules\\vite\\node_modules\\@esbuild\\aix-ppc64'
149 silly reify ]
150 silly tarball no local data for @angular/elements@https://registry.npmjs.org/@angular/elements/-/elements-17.3.12.tgz. Extracting by manifest.
151 http fetch GET 200 https://registry.npmjs.org/@angular/elements/-/elements-17.3.12.tgz 206ms (cache miss)
152 http fetch POST 200 https://registry.npmjs.org/-/npm/v1/security/advisories/bulk 868ms
153 silly audit report {}
154 silly ADD node_modules/@angular/elements
155 silly ADD
156 silly ADD
157 silly ADD
158 silly ADD
159 silly ADD
160 silly ADD
161 silly ADD
162 silly ADD
163 silly ADD
164 silly ADD
165 silly ADD
166 silly ADD
167 silly ADD
168 silly ADD
169 silly ADD
170 silly ADD
171 silly ADD
172 silly ADD
173 silly ADD
174 silly ADD
175 silly ADD
176 silly ADD
177 silly ADD
178 silly ADD
179 silly ADD
180 silly ADD
181 silly ADD
182 silly ADD
183 silly ADD
184 silly ADD
185 silly ADD
186 silly ADD
187 silly ADD
188 silly ADD
189 silly ADD
190 silly ADD
191 silly ADD
192 silly ADD
193 silly ADD
194 silly ADD
195 silly ADD
196 silly ADD
197 silly ADD
198 silly ADD
199 silly ADD
200 silly ADD
201 silly ADD
202 silly ADD
203 silly ADD
204 silly ADD
205 silly ADD
206 silly ADD
207 silly ADD
208 silly ADD
209 silly ADD
210 silly ADD
211 silly ADD
212 silly ADD
213 silly ADD
214 silly ADD
215 silly ADD
216 silly ADD
217 silly ADD
218 verbose exit 0
219 info ok
