0 verbose cli D:\Program Files\nodejs\node.exe D:\Program Files\nodejs\node_modules\npm\bin\npm-cli.js
1 info using npm@10.7.0
2 info using node@v18.20.3
3 silly config:load:file:d:\Users\marco\AppData\Roaming\nvm\v18.20.3\node_modules\npm\npmrc
4 silly config:load:file:d:\Users\marco\Documents\GitHub\charsheet\.npmrc
5 silly config:load:file:C:\Users\marco\.npmrc
6 silly config:load:file:D:\Program Files\nodejs\etc\npmrc
7 verbose title npm outdated
8 verbose argv "outdated" "--json"
9 verbose logfile logs-max:10 dir:d:\Users\marco\Documents\GitHub\charsheet\_logs\2024-08-20T14_26_38_054Z-
10 verbose logfile d:\Users\marco\Documents\GitHub\charsheet\_logs\2024-08-20T14_26_38_054Z-debug-0.log
11 silly logfile start cleaning logs, removing 1 files
12 silly logfile done cleaning log files
13 verbose shrinkwrap failed to load node_modules/.package-lock.json out of date, updated: node_modules
14 http fetch GET 200 https://registry.npmjs.org/angularx-qrcode 891ms (cache miss)
15 http fetch GET 200 https://registry.npmjs.org/zone.js 997ms (cache revalidated)
16 http fetch GET 200 https://registry.npmjs.org/ag-grid-angular 1035ms (cache revalidated)
17 http fetch GET 200 https://registry.npmjs.org/tslib 1034ms (cache revalidated)
18 http fetch GET 200 https://registry.npmjs.org/rxjs 1038ms (cache revalidated)
19 http fetch GET 200 https://registry.npmjs.org/ngx-gravatar 1352ms (cache revalidated)
20 http fetch GET 200 https://registry.npmjs.org/@types%2fjasmine 1499ms (cache revalidated)
21 http fetch GET 200 https://registry.npmjs.org/@angular%2fanimations 1752ms (cache updated)
22 http fetch GET 200 https://registry.npmjs.org/@angular%2fcommon 1799ms (cache updated)
23 http fetch GET 200 https://registry.npmjs.org/@angular%2felements 1830ms (cache updated)
24 http fetch GET 200 https://registry.npmjs.org/@angular%2fplatform-browser 1865ms (cache updated)
25 http fetch GET 200 https://registry.npmjs.org/jasmine-core 1867ms (cache revalidated)
26 http fetch GET 200 https://registry.npmjs.org/@angular%2fcdk 1910ms (cache updated)
27 http fetch GET 200 https://registry.npmjs.org/@angular%2frouter 1924ms (cache updated)
28 http fetch GET 200 https://registry.npmjs.org/@angular%2fforms 1962ms (cache updated)
29 http fetch GET 200 https://registry.npmjs.org/@angular%2fplatform-browser-dynamic 2057ms (cache updated)
30 http fetch GET 200 https://registry.npmjs.org/@angular%2fmaterial 2113ms (cache updated)
31 http fetch GET 200 https://registry.npmjs.org/karma-chrome-launcher 2176ms (cache revalidated)
32 http fetch GET 200 https://registry.npmjs.org/@angular%2fcore 2206ms (cache updated)
33 http fetch GET 200 https://registry.npmjs.org/karma 2203ms (cache revalidated)
34 http fetch GET 200 https://registry.npmjs.org/karma-coverage 2214ms (cache revalidated)
35 http fetch GET 200 https://registry.npmjs.org/karma-jasmine 2214ms (cache revalidated)
36 http fetch GET 200 https://registry.npmjs.org/@angular%2fcompiler 2311ms (cache updated)
37 http fetch GET 200 https://registry.npmjs.org/@angular-devkit%2fbuild-angular 2332ms (cache updated)
38 http fetch GET 200 https://registry.npmjs.org/karma-jasmine-html-reporter 2368ms (cache revalidated)
39 http fetch GET 200 https://registry.npmjs.org/@angular%2fcompiler-cli 2440ms (cache updated)
40 http fetch GET 200 https://registry.npmjs.org/@angular%2fcli 2556ms (cache updated)
41 http fetch GET 200 https://registry.npmjs.org/ngx-mqtt 2682ms (cache revalidated)
42 http fetch GET 200 https://registry.npmjs.org/typescript 2972ms (cache updated)
43 http fetch GET 200 https://registry.npmjs.org/@3d-dice%2fdice-box 3337ms (cache revalidated)
44 verbose exit 1
45 verbose code 1
