0 verbose cli D:\Program Files\nodejs\node.exe D:\Program Files\nodejs\node_modules\npm\bin\npm-cli.js
1 info using npm@10.7.0
2 info using node@v18.20.3
3 silly config:load:file:d:\Users\marco\AppData\Roaming\nvm\v18.20.3\node_modules\npm\npmrc
4 silly config:load:file:D:\Users\marco\Documents\GitHub\charsheet\.npmrc
5 silly config:load:file:C:\Users\marco\.npmrc
6 silly config:load:file:D:\Program Files\nodejs\etc\npmrc
7 verbose title npm install
8 verbose argv "install" "--ignore-scripts"
9 verbose logfile logs-max:10 dir:D:\Users\marco\Documents\GitHub\charsheet\_logs\2024-08-04T19_20_59_712Z-
10 verbose logfile D:\Users\marco\Documents\GitHub\charsheet\_logs\2024-08-04T19_20_59_712Z-debug-0.log
11 silly logfile done cleaning log files
12 silly idealTree buildDeps
13 silly reify moves {}
14 silly audit bulk request {
14 silly audit   '@ampproject/remapping': [ '2.3.0' ],
14 silly audit   '@angular-devkit/architect': [ '0.1703.8' ],
14 silly audit   '@angular-devkit/build-angular': [ '17.3.8' ],
14 silly audit   tslib: [ '2.6.2', '2.6.3' ],
14 silly audit   '@angular-devkit/build-webpack': [ '0.1703.8' ],
14 silly audit   '@angular-devkit/core': [ '17.3.8' ],
14 silly audit   '@angular-devkit/schematics': [ '17.3.8' ],
14 silly audit   '@angular/animations': [ '17.3.12' ],
14 silly audit   '@angular/cdk': [ '17.3.10' ],
14 silly audit   '@angular/cli': [ '17.3.8' ],
14 silly audit   '@angular/common': [ '17.3.12' ],
14 silly audit   '@angular/compiler': [ '17.3.12' ],
14 silly audit   '@angular/compiler-cli': [ '17.3.12' ],
14 silly audit   '@babel/core': [ '7.23.9', '7.24.0' ],
14 silly audit   'convert-source-map': [ '2.0.0', '1.9.0' ],
14 silly audit   semver: [ '6.3.1', '5.7.2', '7.6.0' ],
14 silly audit   '@angular/core': [ '17.3.12' ],
14 silly audit   '@angular/elements': [ '17.3.12' ],
14 silly audit   '@angular/forms': [ '17.3.12' ],
14 silly audit   '@angular/material': [ '17.3.10' ],
14 silly audit   '@angular/platform-browser': [ '17.3.12' ],
14 silly audit   '@angular/platform-browser-dynamic': [ '17.3.12' ],
14 silly audit   '@angular/router': [ '17.3.12' ],
14 silly audit   '@babel/code-frame': [ '7.24.7' ],
14 silly audit   '@babel/compat-data': [ '7.25.2' ],
14 silly audit   '@babel/generator': [ '7.23.6', '7.25.0' ],
14 silly audit   '@babel/helper-annotate-as-pure': [ '7.22.5', '7.24.7' ],
14 silly audit   '@babel/helper-builder-binary-assignment-operator-visitor': [ '7.24.7' ],
14 silly audit   '@babel/helper-compilation-targets': [ '7.25.2' ],
14 silly audit   '@babel/helper-create-class-features-plugin': [ '7.25.0' ],
14 silly audit   '@babel/helper-create-regexp-features-plugin': [ '7.25.2' ],
14 silly audit   '@babel/helper-define-polyfill-provider': [ '0.6.2', '0.5.0' ],
14 silly audit   '@babel/helper-environment-visitor': [ '7.24.7' ],
14 silly audit   '@babel/helper-member-expression-to-functions': [ '7.24.8' ],
14 silly audit   '@babel/helper-module-imports': [ '7.24.7' ],
14 silly audit   '@babel/helper-module-transforms': [ '7.25.2' ],
14 silly audit   '@babel/helper-optimise-call-expression': [ '7.24.7' ],
14 silly audit   '@babel/helper-plugin-utils': [ '7.24.8' ],
14 silly audit   '@babel/helper-remap-async-to-generator': [ '7.25.0' ],
14 silly audit   '@babel/helper-replace-supers': [ '7.25.0' ],
14 silly audit   '@babel/helper-simple-access': [ '7.24.7' ],
14 silly audit   '@babel/helper-skip-transparent-expression-wrappers': [ '7.24.7' ],
14 silly audit   '@babel/helper-split-export-declaration': [ '7.22.6' ],
14 silly audit   '@babel/helper-string-parser': [ '7.24.8' ],
14 silly audit   '@babel/helper-validator-identifier': [ '7.24.7' ],
14 silly audit   '@babel/helper-validator-option': [ '7.24.8' ],
14 silly audit   '@babel/helper-wrap-function': [ '7.25.0' ],
14 silly audit   '@babel/helpers': [ '7.25.0' ],
14 silly audit   '@babel/highlight': [ '7.24.7' ],
14 silly audit   '@babel/parser': [ '7.25.3' ],
14 silly audit   '@babel/plugin-bugfix-safari-id-destructuring-collision-in-function-expression': [ '7.25.0' ],
14 silly audit   '@babel/plugin-bugfix-v8-spread-parameters-in-optional-chaining': [ '7.24.7' ],
14 silly audit   '@babel/plugin-bugfix-v8-static-class-fields-redefine-readonly': [ '7.25.0' ],
14 silly audit   '@babel/plugin-proposal-private-property-in-object': [ '7.21.0-placeholder-for-preset-env.2' ],
14 silly audit   '@babel/plugin-syntax-async-generators': [ '7.8.4' ],
14 silly audit   '@babel/plugin-syntax-class-properties': [ '7.12.13' ],
14 silly audit   '@babel/plugin-syntax-class-static-block': [ '7.14.5' ],
14 silly audit   '@babel/plugin-syntax-dynamic-import': [ '7.8.3' ],
14 silly audit   '@babel/plugin-syntax-export-namespace-from': [ '7.8.3' ],
14 silly audit   '@babel/plugin-syntax-import-assertions': [ '7.24.7' ],
14 silly audit   '@babel/plugin-syntax-import-attributes': [ '7.24.7' ],
14 silly audit   '@babel/plugin-syntax-import-meta': [ '7.10.4' ],
14 silly audit   '@babel/plugin-syntax-json-strings': [ '7.8.3' ],
14 silly audit   '@babel/plugin-syntax-logical-assignment-operators': [ '7.10.4' ],
14 silly audit   '@babel/plugin-syntax-nullish-coalescing-operator': [ '7.8.3' ],
14 silly audit   '@babel/plugin-syntax-numeric-separator': [ '7.10.4' ],
14 silly audit   '@babel/plugin-syntax-object-rest-spread': [ '7.8.3' ],
14 silly audit   '@babel/plugin-syntax-optional-catch-binding': [ '7.8.3' ],
14 silly audit   '@babel/plugin-syntax-optional-chaining': [ '7.8.3' ],
14 silly audit   '@babel/plugin-syntax-private-property-in-object': [ '7.14.5' ],
14 silly audit   '@babel/plugin-syntax-top-level-await': [ '7.14.5' ],
14 silly audit   '@babel/plugin-syntax-unicode-sets-regex': [ '7.18.6' ],
14 silly audit   '@babel/plugin-transform-arrow-functions': [ '7.24.7' ],
14 silly audit   '@babel/plugin-transform-async-generator-functions': [ '7.23.9' ],
14 silly audit   '@babel/plugin-transform-async-to-generator': [ '7.23.3' ],
14 silly audit   '@babel/plugin-transform-block-scoped-functions': [ '7.24.7' ],
14 silly audit   '@babel/plugin-transform-block-scoping': [ '7.25.0' ],
14 silly audit   '@babel/plugin-transform-class-properties': [ '7.24.7' ],
14 silly audit   '@babel/plugin-transform-class-static-block': [ '7.24.7' ],
14 silly audit   '@babel/plugin-transform-classes': [ '7.25.0' ],
14 silly audit   '@babel/plugin-transform-computed-properties': [ '7.24.7' ],
14 silly audit   '@babel/plugin-transform-destructuring': [ '7.24.8' ],
14 silly audit   '@babel/plugin-transform-dotall-regex': [ '7.24.7' ],
14 silly audit   '@babel/plugin-transform-duplicate-keys': [ '7.24.7' ],
14 silly audit   '@babel/plugin-transform-dynamic-import': [ '7.24.7' ],
14 silly audit   '@babel/plugin-transform-exponentiation-operator': [ '7.24.7' ],
14 silly audit   '@babel/plugin-transform-export-namespace-from': [ '7.24.7' ],
14 silly audit   '@babel/plugin-transform-for-of': [ '7.24.7' ],
14 silly audit   '@babel/plugin-transform-function-name': [ '7.25.1' ],
14 silly audit   '@babel/plugin-transform-json-strings': [ '7.24.7' ],
14 silly audit   '@babel/plugin-transform-literals': [ '7.25.2' ],
14 silly audit   '@babel/plugin-transform-logical-assignment-operators': [ '7.24.7' ],
14 silly audit   '@babel/plugin-transform-member-expression-literals': [ '7.24.7' ],
14 silly audit   '@babel/plugin-transform-modules-amd': [ '7.24.7' ],
14 silly audit   '@babel/plugin-transform-modules-commonjs': [ '7.24.8' ],
14 silly audit   '@babel/plugin-transform-modules-systemjs': [ '7.25.0' ],
14 silly audit   '@babel/plugin-transform-modules-umd': [ '7.24.7' ],
14 silly audit   '@babel/plugin-transform-named-capturing-groups-regex': [ '7.24.7' ],
14 silly audit   '@babel/plugin-transform-new-target': [ '7.24.7' ],
14 silly audit   '@babel/plugin-transform-nullish-coalescing-operator': [ '7.24.7' ],
14 silly audit   '@babel/plugin-transform-numeric-separator': [ '7.24.7' ],
14 silly audit   '@babel/plugin-transform-object-rest-spread': [ '7.24.7' ],
14 silly audit   '@babel/plugin-transform-object-super': [ '7.24.7' ],
14 silly audit   '@babel/plugin-transform-optional-catch-binding': [ '7.24.7' ],
14 silly audit   '@babel/plugin-transform-optional-chaining': [ '7.24.8' ],
14 silly audit   '@babel/plugin-transform-parameters': [ '7.24.7' ],
14 silly audit   '@babel/plugin-transform-private-methods': [ '7.24.7' ],
14 silly audit   '@babel/plugin-transform-private-property-in-object': [ '7.24.7' ],
14 silly audit   '@babel/plugin-transform-property-literals': [ '7.24.7' ],
14 silly audit   '@babel/plugin-transform-regenerator': [ '7.24.7' ],
14 silly audit   '@babel/plugin-transform-reserved-words': [ '7.24.7' ],
14 silly audit   '@babel/plugin-transform-runtime': [ '7.24.0' ],
14 silly audit   '@babel/plugin-transform-shorthand-properties': [ '7.24.7' ],
14 silly audit   '@babel/plugin-transform-spread': [ '7.24.7' ],
14 silly audit   '@babel/plugin-transform-sticky-regex': [ '7.24.7' ],
14 silly audit   '@babel/plugin-transform-template-literals': [ '7.24.7' ],
14 silly audit   '@babel/plugin-transform-typeof-symbol': [ '7.24.8' ],
14 silly audit   '@babel/plugin-transform-unicode-escapes': [ '7.24.7' ],
14 silly audit   '@babel/plugin-transform-unicode-property-regex': [ '7.24.7' ],
14 silly audit   '@babel/plugin-transform-unicode-regex': [ '7.24.7' ],
14 silly audit   '@babel/plugin-transform-unicode-sets-regex': [ '7.24.7' ],
14 silly audit   '@babel/preset-env': [ '7.24.0' ],
14 silly audit   '@babel/preset-modules': [ '0.1.6-no-external-plugins' ],
14 silly audit   '@babel/regjsgen': [ '0.8.0' ],
14 silly audit   '@babel/runtime': [ '7.24.0' ],
14 silly audit   '@babel/template': [ '7.25.0' ],
14 silly audit   '@babel/traverse': [ '7.25.3' ],
14 silly audit   '@babel/types': [ '7.25.2' ],
14 silly audit   '@colors/colors': [ '1.5.0' ],
14 silly audit   '@discoveryjs/json-ext': [ '0.5.7' ],
14 silly audit   '@esbuild/aix-ppc64': [ '0.20.1', '0.19.12' ],
14 silly audit   '@esbuild/android-arm': [ '0.20.1', '0.19.12' ],
14 silly audit   '@esbuild/android-arm64': [ '0.20.1', '0.19.12' ],
14 silly audit   '@esbuild/android-x64': [ '0.20.1', '0.19.12' ],
14 silly audit   '@esbuild/darwin-arm64': [ '0.20.1', '0.19.12' ],
14 silly audit   '@esbuild/darwin-x64': [ '0.20.1', '0.19.12' ],
14 silly audit   '@esbuild/freebsd-arm64': [ '0.20.1', '0.19.12' ],
14 silly audit   '@esbuild/freebsd-x64': [ '0.20.1', '0.19.12' ],
14 silly audit   '@esbuild/linux-arm': [ '0.20.1', '0.19.12' ],
14 silly audit   '@esbuild/linux-arm64': [ '0.20.1', '0.19.12' ],
14 silly audit   '@esbuild/linux-ia32': [ '0.20.1', '0.19.12' ],
14 silly audit   '@esbuild/linux-loong64': [ '0.20.1', '0.19.12' ],
14 silly audit   '@esbuild/linux-mips64el': [ '0.20.1', '0.19.12' ],
14 silly audit   '@esbuild/linux-ppc64': [ '0.20.1', '0.19.12' ],
14 silly audit   '@esbuild/linux-riscv64': [ '0.20.1', '0.19.12' ],
14 silly audit   '@esbuild/linux-s390x': [ '0.20.1', '0.19.12' ],
14 silly audit   '@esbuild/linux-x64': [ '0.20.1', '0.19.12' ],
14 silly audit   '@esbuild/netbsd-x64': [ '0.20.1', '0.19.12' ],
14 silly audit   '@esbuild/openbsd-x64': [ '0.20.1', '0.19.12' ],
14 silly audit   '@esbuild/sunos-x64': [ '0.20.1', '0.19.12' ],
14 silly audit   '@esbuild/win32-arm64': [ '0.20.1', '0.19.12' ],
14 silly audit   '@esbuild/win32-ia32': [ '0.20.1', '0.19.12' ],
14 silly audit   '@esbuild/win32-x64': [ '0.20.1', '0.19.12' ],
14 silly audit   '@isaacs/cliui': [ '8.0.2' ],
14 silly audit   'ansi-regex': [ '6.0.1', '5.0.1' ],
14 silly audit   'ansi-styles': [ '6.2.1', '3.2.1', '4.3.0' ],
14 silly audit   'emoji-regex': [ '9.2.2', '8.0.0' ],
14 silly audit   'string-width': [ '5.1.2', '4.2.3' ],
14 silly audit   'strip-ansi': [ '7.1.0', '6.0.1' ],
14 silly audit   'wrap-ansi': [ '8.1.0', '7.0.0', '6.2.0' ],
14 silly audit   '@istanbuljs/load-nyc-config': [ '1.1.0' ],
14 silly audit   '@istanbuljs/schema': [ '0.1.3' ],
14 silly audit   '@jridgewell/gen-mapping': [ '0.3.5' ],
14 silly audit   '@jridgewell/resolve-uri': [ '3.1.2' ],
14 silly audit   '@jridgewell/set-array': [ '1.2.1' ],
14 silly audit   '@jridgewell/source-map': [ '0.3.6' ],
14 silly audit   '@jridgewell/sourcemap-codec': [ '1.5.0' ],
14 silly audit   '@jridgewell/trace-mapping': [ '0.3.25' ],
14 silly audit   '@leichtgewicht/ip-codec': [ '2.0.5' ],
14 silly audit   '@ljharb/through': [ '2.3.13' ],
14 silly audit   '@material/animation': [ '15.0.0-canary.7f224ddd4.0' ],
14 silly audit   '@material/auto-init': [ '15.0.0-canary.7f224ddd4.0' ],
14 silly audit   '@material/banner': [ '15.0.0-canary.7f224ddd4.0' ],
14 silly audit   '@material/base': [ '15.0.0-canary.7f224ddd4.0' ],
14 silly audit   '@material/button': [ '15.0.0-canary.7f224ddd4.0' ],
14 silly audit   '@material/card': [ '15.0.0-canary.7f224ddd4.0' ],
14 silly audit   '@material/checkbox': [ '15.0.0-canary.7f224ddd4.0' ],
14 silly audit   '@material/chips': [ '15.0.0-canary.7f224ddd4.0' ],
14 silly audit   '@material/circular-progress': [ '15.0.0-canary.7f224ddd4.0' ],
14 silly audit   '@material/data-table': [ '15.0.0-canary.7f224ddd4.0' ],
14 silly audit   '@material/density': [ '15.0.0-canary.7f224ddd4.0' ],
14 silly audit   '@material/dialog': [ '15.0.0-canary.7f224ddd4.0' ],
14 silly audit   '@material/dom': [ '15.0.0-canary.7f224ddd4.0' ],
14 silly audit   '@material/drawer': [ '15.0.0-canary.7f224ddd4.0' ],
14 silly audit   '@material/elevation': [ '15.0.0-canary.7f224ddd4.0' ],
14 silly audit   '@material/fab': [ '15.0.0-canary.7f224ddd4.0' ],
14 silly audit   '@material/feature-targeting': [ '15.0.0-canary.7f224ddd4.0' ],
14 silly audit   '@material/floating-label': [ '15.0.0-canary.7f224ddd4.0' ],
14 silly audit   '@material/focus-ring': [ '15.0.0-canary.7f224ddd4.0' ],
14 silly audit   '@material/form-field': [ '15.0.0-canary.7f224ddd4.0' ],
14 silly audit   '@material/icon-button': [ '15.0.0-canary.7f224ddd4.0' ],
14 silly audit   '@material/image-list': [ '15.0.0-canary.7f224ddd4.0' ],
14 silly audit   '@material/layout-grid': [ '15.0.0-canary.7f224ddd4.0' ],
14 silly audit   '@material/line-ripple': [ '15.0.0-canary.7f224ddd4.0' ],
14 silly audit   '@material/linear-progress': [ '15.0.0-canary.7f224ddd4.0' ],
14 silly audit   '@material/list': [ '15.0.0-canary.7f224ddd4.0' ],
14 silly audit   '@material/menu': [ '15.0.0-canary.7f224ddd4.0' ],
14 silly audit   '@material/menu-surface': [ '15.0.0-canary.7f224ddd4.0' ],
14 silly audit   '@material/notched-outline': [ '15.0.0-canary.7f224ddd4.0' ],
14 silly audit   '@material/progress-indicator': [ '15.0.0-canary.7f224ddd4.0' ],
14 silly audit   '@material/radio': [ '15.0.0-canary.7f224ddd4.0' ],
14 silly audit   '@material/ripple': [ '15.0.0-canary.7f224ddd4.0' ],
14 silly audit   '@material/rtl': [ '15.0.0-canary.7f224ddd4.0' ],
14 silly audit   '@material/segmented-button': [ '15.0.0-canary.7f224ddd4.0' ],
14 silly audit   '@material/select': [ '15.0.0-canary.7f224ddd4.0' ],
14 silly audit   '@material/shape': [ '15.0.0-canary.7f224ddd4.0' ],
14 silly audit   '@material/slider': [ '15.0.0-canary.7f224ddd4.0' ],
14 silly audit   '@material/snackbar': [ '15.0.0-canary.7f224ddd4.0' ],
14 silly audit   '@material/switch': [ '15.0.0-canary.7f224ddd4.0' ],
14 silly audit   '@material/tab': [ '15.0.0-canary.7f224ddd4.0' ],
14 silly audit   '@material/tab-bar': [ '15.0.0-canary.7f224ddd4.0' ],
14 silly audit   '@material/tab-indicator': [ '15.0.0-canary.7f224ddd4.0' ],
14 silly audit   '@material/tab-scroller': [ '15.0.0-canary.7f224ddd4.0' ],
14 silly audit   '@material/textfield': [ '15.0.0-canary.7f224ddd4.0' ],
14 silly audit   '@material/theme': [ '15.0.0-canary.7f224ddd4.0' ],
14 silly audit   '@material/tokens': [ '15.0.0-canary.7f224ddd4.0' ],
14 silly audit   '@material/tooltip': [ '15.0.0-canary.7f224ddd4.0' ],
14 silly audit   '@material/top-app-bar': [ '15.0.0-canary.7f224ddd4.0' ],
14 silly audit   '@material/touch-target': [ '15.0.0-canary.7f224ddd4.0' ],
14 silly audit   '@material/typography': [ '15.0.0-canary.7f224ddd4.0' ],
14 silly audit   '@ngtools/webpack': [ '17.3.8' ],
14 silly audit   '@nodelib/fs.scandir': [ '2.1.5' ],
14 silly audit   '@nodelib/fs.stat': [ '2.0.5' ],
14 silly audit   '@nodelib/fs.walk': [ '1.2.8' ],
14 silly audit   '@npmcli/agent': [ '2.2.2' ],
14 silly audit   'lru-cache': [ '10.4.3', '5.1.1', '6.0.0' ],
14 silly audit   '@npmcli/fs': [ '3.1.1' ],
14 silly audit   '@npmcli/git': [ '5.0.8' ],
14 silly audit   ini: [ '4.1.3', '4.1.2' ],
14 silly audit   isexe: [ '3.1.1', '2.0.0' ],
14 silly audit   'proc-log': [ '4.2.0', '3.0.0' ],
14 silly audit   which: [ '4.0.0', '2.0.2', '1.3.1' ],
14 silly audit   '@npmcli/installed-package-contents': [ '2.1.0' ],
14 silly audit   '@npmcli/node-gyp': [ '3.0.0' ],
14 silly audit   '@npmcli/package-json': [ '5.2.0' ],
14 silly audit   'brace-expansion': [ '2.0.1', '1.1.11' ],
14 silly audit   glob: [ '10.4.5', '7.2.3' ],
14 silly audit   minimatch: [ '9.0.5', '3.1.2' ],
14 silly audit   '@npmcli/promise-spawn': [ '7.0.2' ],
14 silly audit   '@npmcli/redact': [ '1.1.0' ],
14 silly audit   '@npmcli/run-script': [ '7.0.4' ],
14 silly audit   '@pkgjs/parseargs': [ '0.11.0' ],
14 silly audit   '@rollup/rollup-android-arm-eabi': [ '4.19.2' ],
14 silly audit   '@rollup/rollup-android-arm64': [ '4.19.2' ],
14 silly audit   '@rollup/rollup-darwin-arm64': [ '4.19.2' ],
14 silly audit   '@rollup/rollup-darwin-x64': [ '4.19.2' ],
14 silly audit   '@rollup/rollup-linux-arm-gnueabihf': [ '4.19.2' ],
14 silly audit   '@rollup/rollup-linux-arm-musleabihf': [ '4.19.2' ],
14 silly audit   '@rollup/rollup-linux-arm64-gnu': [ '4.19.2' ],
14 silly audit   '@rollup/rollup-linux-arm64-musl': [ '4.19.2' ],
14 silly audit   '@rollup/rollup-linux-powerpc64le-gnu': [ '4.19.2' ],
14 silly audit   '@rollup/rollup-linux-riscv64-gnu': [ '4.19.2' ],
14 silly audit   '@rollup/rollup-linux-s390x-gnu': [ '4.19.2' ],
14 silly audit   '@rollup/rollup-linux-x64-gnu': [ '4.19.2' ],
14 silly audit   '@rollup/rollup-linux-x64-musl': [ '4.19.2' ],
14 silly audit   '@rollup/rollup-win32-arm64-msvc': [ '4.19.2' ],
14 silly audit   '@rollup/rollup-win32-ia32-msvc': [ '4.19.2' ],
14 silly audit   '@rollup/rollup-win32-x64-msvc': [ '4.19.2' ],
14 silly audit   '@schematics/angular': [ '17.3.8' ],
14 silly audit   '@sigstore/bundle': [ '2.3.2' ],
14 silly audit   '@sigstore/core': [ '1.1.0' ],
14 silly audit   '@sigstore/protobuf-specs': [ '0.3.2' ],
14 silly audit   '@sigstore/sign': [ '2.3.2' ],
14 silly audit   '@sigstore/tuf': [ '2.3.4' ],
14 silly audit   '@sigstore/verify': [ '1.2.1' ],
14 silly audit   '@socket.io/component-emitter': [ '3.1.2' ],
14 silly audit   '@tufjs/canonical-json': [ '2.0.0' ],
14 silly audit   '@tufjs/models': [ '2.0.1' ],
14 silly audit   '@types/body-parser': [ '1.19.5' ],
14 silly audit   '@types/bonjour': [ '3.5.13' ],
14 silly audit   '@types/connect': [ '3.4.38' ],
14 silly audit   '@types/connect-history-api-fallback': [ '1.5.4' ],
14 silly audit   '@types/cookie': [ '0.4.1' ],
14 silly audit   '@types/cors': [ '2.8.17' ],
14 silly audit   '@types/eslint': [ '9.6.0' ],
14 silly audit   '@types/eslint-scope': [ '3.7.7' ],
14 silly audit   '@types/estree': [ '1.0.5' ],
14 silly audit   '@types/express': [ '4.17.21' ],
14 silly audit   '@types/express-serve-static-core': [ '4.19.5' ],
14 silly audit   '@types/http-errors': [ '2.0.4' ],
14 silly audit   '@types/http-proxy': [ '1.17.14' ],
14 silly audit   '@types/jasmine': [ '5.1.4' ],
14 silly audit   '@types/json-schema': [ '7.0.15' ],
14 silly audit   '@types/mime': [ '1.3.5' ],
14 silly audit   '@types/node': [ '22.1.0' ],
14 silly audit   '@types/node-forge': [ '1.3.11' ],
14 silly audit   '@types/qs': [ '6.9.15' ],
14 silly audit   '@types/range-parser': [ '1.2.7' ],
14 silly audit   '@types/retry': [ '0.12.0' ],
14 silly audit   '@types/send': [ '0.17.4' ],
14 silly audit   '@types/serve-index': [ '1.9.4' ],
14 silly audit   '@types/serve-static': [ '1.15.7' ],
14 silly audit   '@types/sockjs': [ '0.3.36' ],
14 silly audit   '@types/ws': [ '8.5.12' ],
14 silly audit   '@vitejs/plugin-basic-ssl': [ '1.1.0' ],
14 silly audit   '@webassemblyjs/ast': [ '1.12.1' ],
14 silly audit   '@webassemblyjs/floating-point-hex-parser': [ '1.11.6' ],
14 silly audit   '@webassemblyjs/helper-api-error': [ '1.11.6' ],
14 silly audit   '@webassemblyjs/helper-buffer': [ '1.12.1' ],
14 silly audit   '@webassemblyjs/helper-numbers': [ '1.11.6' ],
14 silly audit   '@webassemblyjs/helper-wasm-bytecode': [ '1.11.6' ],
14 silly audit   '@webassemblyjs/helper-wasm-section': [ '1.12.1' ],
14 silly audit   '@webassemblyjs/ieee754': [ '1.11.6' ],
14 silly audit   '@webassemblyjs/leb128': [ '1.11.6' ],
14 silly audit   '@webassemblyjs/utf8': [ '1.11.6' ],
14 silly audit   '@webassemblyjs/wasm-edit': [ '1.12.1' ],
14 silly audit   '@webassemblyjs/wasm-gen': [ '1.12.1' ],
14 silly audit   '@webassemblyjs/wasm-opt': [ '1.12.1' ],
14 silly audit   '@webassemblyjs/wasm-parser': [ '1.12.1' ],
14 silly audit   '@webassemblyjs/wast-printer': [ '1.12.1' ],
14 silly audit   '@xtuc/ieee754': [ '1.2.0' ],
14 silly audit   '@xtuc/long': [ '4.2.2' ],
14 silly audit   '@yarnpkg/lockfile': [ '1.1.0' ],
14 silly audit   abbrev: [ '2.0.0' ],
14 silly audit   accepts: [ '1.3.8' ],
14 silly audit   acorn: [ '8.12.1' ],
14 silly audit   'acorn-import-assertions': [ '1.9.0' ],
14 silly audit   'adjust-sourcemap-loader': [ '4.0.0' ],
14 silly audit   'loader-utils': [ '2.0.4', '3.2.1' ],
14 silly audit   'agent-base': [ '7.1.1' ],
14 silly audit   'aggregate-error': [ '3.1.0' ],
14 silly audit   ajv: [ '8.12.0', '6.12.6' ],
14 silly audit   'ajv-formats': [ '2.1.1' ],
14 silly audit   'ajv-keywords': [ '5.1.0', '3.5.2' ],
14 silly audit   'ansi-colors': [ '4.1.3' ],
14 silly audit   'ansi-escapes': [ '4.3.2' ],
14 silly audit   'ansi-html-community': [ '0.0.8' ],
14 silly audit   anymatch: [ '3.1.3' ],
14 silly audit   picomatch: [ '2.3.1', '4.0.1' ],
14 silly audit   argparse: [ '1.0.10', '2.0.1' ],
14 silly audit   'array-flatten': [ '1.1.1' ],
14 silly audit   autoprefixer: [ '10.4.18' ],
14 silly audit   'babel-loader': [ '9.1.3' ],
14 silly audit   'babel-plugin-istanbul': [ '6.1.1' ],
14 silly audit   'babel-plugin-polyfill-corejs2': [ '0.4.11' ],
14 silly audit   'babel-plugin-polyfill-corejs3': [ '0.9.0' ],
14 silly audit   'babel-plugin-polyfill-regenerator': [ '0.5.5' ],
14 silly audit   'balanced-match': [ '1.0.2' ],
14 silly audit   'base64-js': [ '1.5.1' ],
14 silly audit   base64id: [ '2.0.0' ],
14 silly audit   batch: [ '0.6.1' ],
14 silly audit   'big.js': [ '5.2.2' ],
14 silly audit   'binary-extensions': [ '2.3.0' ],
14 silly audit   bl: [ '4.1.0' ],
14 silly audit   'body-parser': [ '1.20.2' ],
14 silly audit   debug: [ '2.6.9', '4.3.6' ],
14 silly audit   ms: [ '2.0.0', '2.1.2', '2.1.3' ],
14 silly audit   'bonjour-service': [ '1.2.1' ],
14 silly audit   boolbase: [ '1.0.0' ],
14 silly audit   braces: [ '3.0.3' ],
14 silly audit   browserslist: [ '4.23.3' ],
14 silly audit   buffer: [ '5.7.1' ],
14 silly audit   'buffer-from': [ '1.1.2' ],
14 silly audit   bytes: [ '3.1.2', '3.0.0' ],
14 silly audit   cacache: [ '18.0.4' ],
14 silly audit   'call-bind': [ '1.0.7' ],
14 silly audit   callsites: [ '3.1.0' ],
14 silly audit   camelcase: [ '5.3.1' ],
14 silly audit   'caniuse-lite': [ '1.0.30001646' ],
14 silly audit   chalk: [ '2.4.2', '4.1.2', '5.3.0' ],
14 silly audit   chardet: [ '0.7.0' ],
14 silly audit   chokidar: [ '3.6.0' ],
14 silly audit   chownr: [ '2.0.0' ],
14 silly audit   'chrome-trace-event': [ '1.0.4' ],
14 silly audit   'clean-stack': [ '2.2.0' ],
14 silly audit   'cli-cursor': [ '3.1.0' ],
14 silly audit   'cli-spinners': [ '2.9.2' ],
14 silly audit   'cli-width': [ '4.1.0' ],
14 silly audit   cliui: [ '8.0.1', '7.0.4' ],
14 silly audit   'color-convert': [ '2.0.1', '1.9.3' ],
14 silly audit   'color-name': [ '1.1.4', '1.1.3' ],
14 silly audit   clone: [ '1.0.4' ],
14 silly audit   'clone-deep': [ '4.0.1' ],
14 silly audit   colorette: [ '2.0.20' ],
14 silly audit   commander: [ '2.20.3' ],
14 silly audit   'common-path-prefix': [ '3.0.0' ],
14 silly audit   compressible: [ '2.0.18' ],
14 silly audit   compression: [ '1.7.4' ],
14 silly audit   'safe-buffer': [ '5.1.2', '5.2.1' ],
14 silly audit   'concat-map': [ '0.0.1' ],
14 silly audit   connect: [ '3.7.0' ],
14 silly audit   'connect-history-api-fallback': [ '2.0.0' ],
14 silly audit   'content-disposition': [ '0.5.4' ],
14 silly audit   'content-type': [ '1.0.5' ],
14 silly audit   cookie: [ '0.4.2', '0.6.0' ],
14 silly audit   'cookie-signature': [ '1.0.6' ],
14 silly audit   'copy-anything': [ '2.0.6' ],
14 silly audit   'copy-webpack-plugin': [ '11.0.0' ],
14 silly audit   'glob-parent': [ '6.0.2', '5.1.2' ],
14 silly audit   'core-js-compat': [ '3.37.1' ],
14 silly audit   'core-util-is': [ '1.0.3' ],
14 silly audit   cors: [ '2.8.5' ],
14 silly audit   cosmiconfig: [ '9.0.0' ],
14 silly audit   'js-yaml': [ '4.1.0', '3.14.1' ],
14 silly audit   critters: [ '0.0.22' ],
14 silly audit   'has-flag': [ '4.0.0', '3.0.0' ],
14 silly audit   'supports-color': [ '7.2.0', '8.1.1', '5.5.0' ],
14 silly audit   'cross-spawn': [ '7.0.3' ],
14 silly audit   'css-loader': [ '6.10.0' ],
14 silly audit   'css-select': [ '5.1.0' ],
14 silly audit   'css-what': [ '6.1.0' ],
14 silly audit   cssesc: [ '3.0.0' ],
14 silly audit   'custom-event': [ '1.0.1' ],
14 silly audit   'date-format': [ '4.0.14' ],
14 silly audit   'default-gateway': [ '6.0.3' ],
14 silly audit   defaults: [ '1.0.4' ],
14 silly audit   'define-data-property': [ '1.1.4' ],
14 silly audit   'define-lazy-prop': [ '2.0.0' ],
14 silly audit   depd: [ '2.0.0', '1.1.2' ],
14 silly audit   destroy: [ '1.2.0' ],
14 silly audit   'detect-node': [ '2.1.0' ],
14 silly audit   di: [ '0.0.1' ],
14 silly audit   'dir-glob': [ '3.0.1' ],
14 silly audit   'dns-packet': [ '5.6.1' ],
14 silly audit   'dom-serialize': [ '2.2.1' ],
14 silly audit   'dom-serializer': [ '2.0.0' ],
14 silly audit   domelementtype: [ '2.3.0' ],
14 silly audit   domhandler: [ '5.0.3' ],
14 silly audit   domutils: [ '3.1.0' ],
14 silly audit   eastasianwidth: [ '0.2.0' ],
14 silly audit   'ee-first': [ '1.1.1' ],
14 silly audit   'electron-to-chromium': [ '1.5.4' ],
14 silly audit   'emojis-list': [ '3.0.0' ],
14 silly audit   encodeurl: [ '1.0.2' ],
14 silly audit   encoding: [ '0.1.13' ],
14 silly audit   'iconv-lite': [ '0.6.3', '0.4.24' ],
14 silly audit   'engine.io': [ '6.5.5' ],
14 silly audit   'engine.io-parser': [ '5.2.3' ],
14 silly audit   'enhanced-resolve': [ '5.17.1' ],
14 silly audit   ent: [ '2.2.1' ],
14 silly audit   entities: [ '4.5.0' ],
14 silly audit   'env-paths': [ '2.2.1' ],
14 silly audit   'err-code': [ '2.0.3' ],
14 silly audit   errno: [ '0.1.8' ],
14 silly audit   'error-ex': [ '1.3.2' ],
14 silly audit   'es-define-property': [ '1.0.0' ],
14 silly audit   'es-errors': [ '1.3.0' ],
14 silly audit   'es-module-lexer': [ '1.5.4' ],
14 silly audit   esbuild: [ '0.20.1', '0.19.12' ],
14 silly audit   'esbuild-wasm': [ '0.20.1' ],
14 silly audit   escalade: [ '3.1.2' ],
14 silly audit   'escape-html': [ '1.0.3' ],
14 silly audit   'escape-string-regexp': [ '1.0.5' ],
14 silly audit   'eslint-scope': [ '5.1.1' ],
14 silly audit   esprima: [ '4.0.1' ],
14 silly audit   esrecurse: [ '4.3.0' ],
14 silly audit   estraverse: [ '5.3.0', '4.3.0' ],
14 silly audit   esutils: [ '2.0.3' ],
14 silly audit   etag: [ '1.8.1' ],
14 silly audit   eventemitter3: [ '4.0.7' ],
14 silly audit   events: [ '3.3.0' ],
14 silly audit   execa: [ '5.1.1' ],
14 silly audit   'exponential-backoff': [ '3.1.1' ],
14 silly audit   express: [ '4.19.2' ],
14 silly audit   finalhandler: [ '1.2.0', '1.1.2' ],
14 silly audit   statuses: [ '2.0.1', '1.5.0' ],
14 silly audit   extend: [ '3.0.2' ],
14 silly audit   'external-editor': [ '3.1.0' ],
14 silly audit   'fast-deep-equal': [ '3.1.3' ],
14 silly audit   'fast-glob': [ '3.3.2' ],
14 silly audit   'fast-json-stable-stringify': [ '2.1.0' ],
14 silly audit   fastq: [ '1.17.1' ],
14 silly audit   'faye-websocket': [ '0.11.4' ],
14 silly audit   figures: [ '3.2.0' ],
14 silly audit   'fill-range': [ '7.1.1' ],
14 silly audit   'on-finished': [ '2.3.0', '2.4.1' ],
14 silly audit   'find-cache-dir': [ '4.0.0' ],
14 silly audit   'find-up': [ '4.1.0', '6.3.0' ],
14 silly audit   flat: [ '5.0.2' ],
14 silly audit   flatted: [ '3.3.1' ],
14 silly audit   'follow-redirects': [ '1.15.6' ],
14 silly audit   'foreground-child': [ '3.2.1' ],
14 silly audit   'signal-exit': [ '4.1.0', '3.0.7' ],
14 silly audit   forwarded: [ '0.2.0' ],
14 silly audit   'fraction.js': [ '4.3.7' ],
14 silly audit   fresh: [ '0.5.2' ],
14 silly audit   'fs-extra': [ '8.1.0' ],
14 silly audit   'fs-minipass': [ '3.0.3', '2.1.0' ],
14 silly audit   'fs-monkey': [ '1.0.6' ],
14 silly audit   'fs.realpath': [ '1.0.0' ],
14 silly audit   fsevents: [ '2.3.3' ],
14 silly audit   'function-bind': [ '1.1.2' ],
14 silly audit   gensync: [ '1.0.0-beta.2' ],
14 silly audit   'get-caller-file': [ '2.0.5' ],
14 silly audit   'get-intrinsic': [ '1.2.4' ],
14 silly audit   'get-package-type': [ '0.1.0' ],
14 silly audit   'get-stream': [ '6.0.1' ],
14 silly audit   'glob-to-regexp': [ '0.4.1' ],
14 silly audit   globals: [ '11.12.0' ],
14 silly audit   globby: [ '13.2.2' ],
14 silly audit   gopd: [ '1.0.1' ],
14 silly audit   'graceful-fs': [ '4.2.11' ],
14 silly audit   'handle-thing': [ '2.0.1' ],
14 silly audit   'has-property-descriptors': [ '1.0.2' ],
14 silly audit   'has-proto': [ '1.0.3' ],
14 silly audit   'has-symbols': [ '1.0.3' ],
14 silly audit   hasown: [ '2.0.2' ],
14 silly audit   'hosted-git-info': [ '7.0.2' ],
14 silly audit   'hpack.js': [ '2.1.6' ],
14 silly audit   'readable-stream': [ '2.3.8', '3.6.2' ],
14 silly audit   string_decoder: [ '1.1.1', '1.3.0' ],
14 silly audit   'html-entities': [ '2.5.2' ],
14 silly audit   'html-escaper': [ '2.0.2' ],
14 silly audit   htmlparser2: [ '8.0.2' ],
14 silly audit   'http-cache-semantics': [ '4.1.1' ],
14 silly audit   'http-deceiver': [ '1.2.7' ],
14 silly audit   'http-errors': [ '2.0.0', '1.6.3' ],
14 silly audit   'http-parser-js': [ '0.5.8' ],
14 silly audit   'http-proxy': [ '1.18.1' ],
14 silly audit   'http-proxy-agent': [ '7.0.2' ],
14 silly audit   'http-proxy-middleware': [ '2.0.6' ],
14 silly audit   'https-proxy-agent': [ '7.0.4' ],
14 silly audit   'human-signals': [ '2.1.0' ],
14 silly audit   'icss-utils': [ '5.1.0' ],
14 silly audit   ieee754: [ '1.2.1' ],
14 silly audit   ignore: [ '5.3.1' ],
14 silly audit   'ignore-walk': [ '6.0.5' ],
14 silly audit   'image-size': [ '0.5.5' ],
14 silly audit   immutable: [ '4.3.7' ],
14 silly audit   'import-fresh': [ '3.3.0' ],
14 silly audit   'resolve-from': [ '4.0.0', '5.0.0' ],
14 silly audit   imurmurhash: [ '0.1.4' ],
14 silly audit   'indent-string': [ '4.0.0' ],
14 silly audit   inflight: [ '1.0.6' ],
14 silly audit   inherits: [ '2.0.4', '2.0.3' ],
14 silly audit   inquirer: [ '9.2.15' ],
14 silly audit   'ip-address': [ '9.0.5' ],
14 silly audit   'sprintf-js': [ '1.1.3', '1.0.3' ],
14 silly audit   'ipaddr.js': [ '2.2.0', '1.9.1' ],
14 silly audit   'is-arrayish': [ '0.2.1' ],
14 silly audit   'is-binary-path': [ '2.1.0' ],
14 silly audit   'is-core-module': [ '2.15.0' ],
14 silly audit   'is-docker': [ '2.2.1' ],
14 silly audit   'is-extglob': [ '2.1.1' ],
14 silly audit   'is-fullwidth-code-point': [ '3.0.0' ],
14 silly audit   'is-glob': [ '4.0.3' ],
14 silly audit   'is-interactive': [ '1.0.0' ],
14 silly audit   'is-lambda': [ '1.0.1' ],
14 silly audit   'is-number': [ '7.0.0' ],
14 silly audit   'is-plain-obj': [ '3.0.0' ],
14 silly audit   'is-plain-object': [ '2.0.4' ],
14 silly audit   'is-stream': [ '2.0.1' ],
14 silly audit   'is-unicode-supported': [ '0.1.0' ],
14 silly audit   'is-what': [ '3.14.1' ],
14 silly audit   'is-wsl': [ '2.2.0' ],
14 silly audit   isarray: [ '1.0.0' ],
14 silly audit   isbinaryfile: [ '4.0.10' ],
14 silly audit   isobject: [ '3.0.1' ],
14 silly audit   'istanbul-lib-coverage': [ '3.2.2' ],
14 silly audit   'istanbul-lib-instrument': [ '5.2.1' ],
14 silly audit   'istanbul-lib-report': [ '3.0.1' ],
14 silly audit   'istanbul-lib-source-maps': [ '4.0.1' ],
14 silly audit   'source-map': [ '0.6.1', '0.7.4' ],
14 silly audit   'istanbul-reports': [ '3.1.7' ],
14 silly audit   jackspeak: [ '3.4.3' ],
14 silly audit   'jasmine-core': [ '5.1.2', '4.6.1' ],
14 silly audit   'jest-worker': [ '27.5.1' ],
14 silly audit   jiti: [ '1.21.6' ],
14 silly audit   'js-tokens': [ '4.0.0' ],
14 silly audit   jsbn: [ '1.1.0' ],
14 silly audit   jsesc: [ '2.5.2', '0.5.0' ],
14 silly audit   'json-parse-even-better-errors': [ '3.0.2', '2.3.1' ],
14 silly audit   'json-schema-traverse': [ '1.0.0', '0.4.1' ],
14 silly audit   json5: [ '2.2.3' ],
14 silly audit   'jsonc-parser': [ '3.2.1' ],
14 silly audit   jsonfile: [ '4.0.0' ],
14 silly audit   jsonparse: [ '1.3.1' ],
14 silly audit   karma: [ '6.4.4' ],
14 silly audit   'karma-chrome-launcher': [ '3.2.0' ],
14 silly audit   'karma-coverage': [ '2.2.1' ],
14 silly audit   'karma-jasmine': [ '5.1.0' ],
14 silly audit   'karma-jasmine-html-reporter': [ '2.1.0' ],
14 silly audit   'karma-source-map-support': [ '1.4.0' ],
14 silly audit   tmp: [ '0.2.3', '0.0.33' ],
14 silly audit   yargs: [ '16.2.0', '17.7.2' ],
14 silly audit   'yargs-parser': [ '20.2.9', '21.1.1' ],
14 silly audit   'kind-of': [ '6.0.3' ],
14 silly audit   klona: [ '2.0.6' ],
14 silly audit   'launch-editor': [ '2.8.0' ],
14 silly audit   less: [ '4.2.0' ],
14 silly audit   'less-loader': [ '11.1.0' ],
14 silly audit   'make-dir': [ '2.1.0', '4.0.0' ],
14 silly audit   mime: [ '1.6.0', '2.6.0' ],
14 silly audit   'license-webpack-plugin': [ '4.0.2' ],
14 silly audit   'lines-and-columns': [ '1.2.4' ],
14 silly audit   'loader-runner': [ '4.3.0' ],
14 silly audit   'locate-path': [ '5.0.0', '7.2.0' ],
14 silly audit   lodash: [ '4.17.21' ],
14 silly audit   'lodash.debounce': [ '4.0.8' ],
14 silly audit   'log-symbols': [ '4.1.0' ],
14 silly audit   log4js: [ '6.9.1' ],
14 silly audit   'magic-string': [ '0.30.8' ],
14 silly audit   'make-fetch-happen': [ '13.0.1' ],
14 silly audit   'media-typer': [ '0.3.0' ],
14 silly audit   memfs: [ '3.5.3' ],
14 silly audit   'merge-descriptors': [ '1.0.1' ],
14 silly audit   'merge-stream': [ '2.0.0' ],
14 silly audit   merge2: [ '1.4.1' ],
14 silly audit   methods: [ '1.1.2' ],
14 silly audit   micromatch: [ '4.0.7' ],
14 silly audit   'mime-db': [ '1.52.0' ],
14 silly audit   'mime-types': [ '2.1.35' ],
14 silly audit   'mimic-fn': [ '2.1.0' ],
14 silly audit   'mini-css-extract-plugin': [ '2.8.1' ],
14 silly audit   'minimalistic-assert': [ '1.0.1' ],
14 silly audit   minimist: [ '1.2.8' ],
14 silly audit   minipass: [ '7.1.2', '3.3.6', '5.0.0' ],
14 silly audit   'minipass-collect': [ '2.0.1' ],
14 silly audit   'minipass-fetch': [ '3.0.5' ],
14 silly audit   'minipass-flush': [ '1.0.5' ],
14 silly audit   yallist: [ '4.0.0', '3.1.1' ],
14 silly audit   'minipass-json-stream': [ '1.0.2' ],
14 silly audit   'minipass-pipeline': [ '1.2.4' ],
14 silly audit   'minipass-sized': [ '1.0.3' ],
14 silly audit   minizlib: [ '2.1.2' ],
14 silly audit   mkdirp: [ '0.5.6', '1.0.4' ],
14 silly audit   mrmime: [ '2.0.0' ],
14 silly audit   'multicast-dns': [ '7.2.5' ],
14 silly audit   'mute-stream': [ '1.0.0' ],
14 silly audit   nanoid: [ '3.3.7' ],
14 silly audit   needle: [ '3.3.1' ],
14 silly audit   negotiator: [ '0.6.3' ],
14 silly audit   'neo-async': [ '2.6.2' ],
14 silly audit   'nice-napi': [ '1.0.2' ],
14 silly audit   'node-addon-api': [ '3.2.1' ],
14 silly audit   'node-forge': [ '1.3.1' ],
14 silly audit   'node-gyp': [ '10.2.0' ],
14 silly audit   'node-gyp-build': [ '4.8.1' ],
14 silly audit   'node-releases': [ '2.0.18' ],
14 silly audit   nopt: [ '7.2.1' ],
14 silly audit   'normalize-package-data': [ '6.0.2' ],
14 silly audit   'normalize-path': [ '3.0.0' ],
14 silly audit   'normalize-range': [ '0.1.2' ],
14 silly audit   'npm-bundled': [ '3.0.1' ],
14 silly audit   'npm-install-checks': [ '6.3.0' ],
14 silly audit   'npm-normalize-package-bin': [ '3.0.1' ],
14 silly audit   'npm-package-arg': [ '11.0.1' ],
14 silly audit   'npm-packlist': [ '8.0.2' ],
14 silly audit   'npm-pick-manifest': [ '9.0.0' ],
14 silly audit   'npm-registry-fetch': [ '16.2.1' ],
14 silly audit   'npm-run-path': [ '4.0.1' ],
14 silly audit   'nth-check': [ '2.1.1' ],
14 silly audit   'object-assign': [ '4.1.1' ],
14 silly audit   'object-inspect': [ '1.13.2' ],
14 silly audit   obuf: [ '1.1.2' ],
14 silly audit   'on-headers': [ '1.0.2' ],
14 silly audit   once: [ '1.4.0' ],
14 silly audit   onetime: [ '5.1.2' ],
14 silly audit   open: [ '8.4.2' ],
14 silly audit   ora: [ '5.4.1' ],
14 silly audit   'os-tmpdir': [ '1.0.2' ],
14 silly audit   'p-limit': [ '2.3.0', '4.0.0' ],
14 silly audit   'p-locate': [ '4.1.0', '6.0.0' ],
14 silly audit   'p-map': [ '4.0.0' ],
14 silly audit   'p-retry': [ '4.6.2' ],
14 silly audit   retry: [ '0.13.1', '0.12.0' ],
14 silly audit   'p-try': [ '2.2.0' ],
14 silly audit   'package-json-from-dist': [ '1.0.0' ],
14 silly audit   pacote: [ '17.0.6' ],
14 silly audit   'parent-module': [ '1.0.1' ],
14 silly audit   'parse-json': [ '5.2.0' ],
14 silly audit   'parse-node-version': [ '1.0.1' ],
14 silly audit   parse5: [ '7.1.2' ],
14 silly audit   'parse5-html-rewriting-stream': [ '7.0.0' ],
14 silly audit   'parse5-sax-parser': [ '7.0.0' ],
14 silly audit   parseurl: [ '1.3.3' ],
14 silly audit   'path-exists': [ '4.0.0', '5.0.0' ],
14 silly audit   'path-is-absolute': [ '1.0.1' ],
14 silly audit   'path-key': [ '3.1.1' ],
14 silly audit   'path-parse': [ '1.0.7' ],
14 silly audit   'path-scurry': [ '1.11.1' ],
14 silly audit   'path-to-regexp': [ '0.1.7' ],
14 silly audit   'path-type': [ '4.0.0' ],
14 silly audit   picocolors: [ '1.0.1' ],
14 silly audit   pify: [ '4.0.1' ],
14 silly audit   piscina: [ '4.4.0' ],
14 silly audit   'pkg-dir': [ '7.0.0' ],
14 silly audit   postcss: [ '8.4.35' ],
14 silly audit   'postcss-loader': [ '8.1.1' ],
14 silly audit   'postcss-media-query-parser': [ '0.2.3' ],
14 silly audit   'postcss-modules-extract-imports': [ '3.1.0' ],
14 silly audit   'postcss-modules-local-by-default': [ '4.0.5' ],
14 silly audit   'postcss-modules-scope': [ '3.2.0' ],
14 silly audit   'postcss-modules-values': [ '4.0.0' ],
14 silly audit   'postcss-selector-parser': [ '6.1.1' ],
14 silly audit   'postcss-value-parser': [ '4.2.0' ],
14 silly audit   'process-nextick-args': [ '2.0.1' ],
14 silly audit   'promise-inflight': [ '1.0.1' ],
14 silly audit   'promise-retry': [ '2.0.1' ],
14 silly audit   'proxy-addr': [ '2.0.7' ],
14 silly audit   prr: [ '1.0.1' ],
14 silly audit   punycode: [ '1.4.1', '2.3.1' ],
14 silly audit   qjobs: [ '1.2.0' ],
14 silly audit   qs: [ '6.11.0' ],
14 silly audit   'queue-microtask': [ '1.2.3' ],
14 silly audit   randombytes: [ '2.1.0' ],
14 silly audit   'range-parser': [ '1.2.1' ],
14 silly audit   'raw-body': [ '2.5.2' ],
14 silly audit   'read-package-json': [ '7.0.1' ],
14 silly audit   'read-package-json-fast': [ '3.0.2' ],
14 silly audit   readdirp: [ '3.6.0' ],
14 silly audit   'reflect-metadata': [ '0.2.2' ],
14 silly audit   regenerate: [ '1.4.2' ],
14 silly audit   'regenerate-unicode-properties': [ '10.1.1' ],
14 silly audit   'regenerator-runtime': [ '0.14.1' ],
14 silly audit   'regenerator-transform': [ '0.15.2' ],
14 silly audit   'regex-parser': [ '2.3.0' ],
14 silly audit   'regexpu-core': [ '5.3.2' ],
14 silly audit   regjsparser: [ '0.9.1' ],
14 silly audit   'require-directory': [ '2.1.1' ],
14 silly audit   'require-from-string': [ '2.0.2' ],
14 silly audit   'requires-port': [ '1.0.0' ],
14 silly audit   resolve: [ '1.22.8' ],
14 silly audit   'resolve-url-loader': [ '5.0.0' ],
14 silly audit   'restore-cursor': [ '3.1.0' ],
14 silly audit   reusify: [ '1.0.4' ],
14 silly audit   rfdc: [ '1.4.1' ],
14 silly audit   rimraf: [ '3.0.2' ],
14 silly audit   rollup: [ '4.19.2' ],
14 silly audit   'run-async': [ '3.0.0' ],
14 silly audit   'run-parallel': [ '1.2.0' ],
14 silly audit   rxjs: [ '7.8.1' ],
14 silly audit   'safer-buffer': [ '2.1.2' ],
14 silly audit   safevalues: [ '0.3.4' ],
14 silly audit   sass: [ '1.71.1' ],
14 silly audit   'sass-loader': [ '14.1.1' ],
14 silly audit   sax: [ '1.4.1' ],
14 silly audit   'schema-utils': [ '4.2.0', '3.3.0' ],
14 silly audit   'select-hose': [ '2.0.0' ],
14 silly audit   selfsigned: [ '2.4.1' ],
14 silly audit   send: [ '0.18.0' ],
14 silly audit   'serialize-javascript': [ '6.0.2' ],
14 silly audit   'serve-index': [ '1.9.1' ],
14 silly audit   setprototypeof: [ '1.1.0', '1.2.0' ],
14 silly audit   'serve-static': [ '1.15.0' ],
14 silly audit   'set-function-length': [ '1.2.2' ],
14 silly audit   'shallow-clone': [ '3.0.1' ],
14 silly audit   'shebang-command': [ '2.0.0' ],
14 silly audit   'shebang-regex': [ '3.0.0' ],
14 silly audit   'shell-quote': [ '1.8.1' ],
14 silly audit   'side-channel': [ '1.0.6' ],
14 silly audit   sigstore: [ '2.3.1' ],
14 silly audit   slash: [ '4.0.0' ],
14 silly audit   'smart-buffer': [ '4.2.0' ],
14 silly audit   'socket.io': [ '4.7.5' ],
14 silly audit   'socket.io-adapter': [ '2.5.5' ],
14 silly audit   'socket.io-parser': [ '4.2.4' ],
14 silly audit   sockjs: [ '0.3.24' ],
14 silly audit   socks: [ '2.8.3' ],
14 silly audit   'socks-proxy-agent': [ '8.0.4' ],
14 silly audit   'source-map-js': [ '1.2.0' ],
14 silly audit   'source-map-loader': [ '5.0.0' ],
14 silly audit   'source-map-support': [ '0.5.21' ],
14 silly audit   'spdx-correct': [ '3.2.0' ],
14 silly audit   'spdx-exceptions': [ '2.5.0' ],
14 silly audit   'spdx-expression-parse': [ '3.0.1' ],
14 silly audit   'spdx-license-ids': [ '3.0.18' ],
14 silly audit   spdy: [ '4.0.2' ],
14 silly audit   'spdy-transport': [ '3.0.0' ],
14 silly audit   ssri: [ '10.0.6' ],
14 silly audit   streamroller: [ '3.1.5' ],
14 silly audit   'strip-final-newline': [ '2.0.0' ],
14 silly audit   'supports-preserve-symlinks-flag': [ '1.0.0' ],
14 silly audit   'symbol-observable': [ '4.0.0' ],
14 silly audit   tapable: [ '2.2.1' ],
14 silly audit   tar: [ '6.2.1' ],
14 silly audit   terser: [ '5.29.1' ],
14 silly audit   'terser-webpack-plugin': [ '5.3.10' ],
14 silly audit   'test-exclude': [ '6.0.0' ],
14 silly audit   thunky: [ '1.1.0' ],
14 silly audit   'to-fast-properties': [ '2.0.0' ],
14 silly audit   'to-regex-range': [ '5.0.1' ],
14 silly audit   toidentifier: [ '1.0.1' ],
14 silly audit   'tree-kill': [ '1.2.2' ],
14 silly audit   'tuf-js': [ '2.2.1' ],
14 silly audit   'type-fest': [ '0.21.3' ],
14 silly audit   'type-is': [ '1.6.18' ],
14 silly audit   'typed-assert': [ '1.0.9' ],
14 silly audit   typescript: [ '5.4.5' ],
14 silly audit   'ua-parser-js': [ '0.7.38' ],
14 silly audit   undici: [ '6.11.1' ],
14 silly audit   'undici-types': [ '6.13.0' ],
14 silly audit   'unicode-canonical-property-names-ecmascript': [ '2.0.0' ],
14 silly audit   'unicode-match-property-ecmascript': [ '2.0.0' ],
14 silly audit   'unicode-match-property-value-ecmascript': [ '2.1.0' ],
14 silly audit   'unicode-property-aliases-ecmascript': [ '2.1.0' ],
14 silly audit   'unique-filename': [ '3.0.0' ],
14 silly audit   'unique-slug': [ '4.0.0' ],
14 silly audit   universalify: [ '0.1.2' ],
14 silly audit   unpipe: [ '1.0.0' ],
14 silly audit   'update-browserslist-db': [ '1.1.0' ],
14 silly audit   'uri-js': [ '4.4.1' ],
14 silly audit   'util-deprecate': [ '1.0.2' ],
14 silly audit   'utils-merge': [ '1.0.1' ],
14 silly audit   uuid: [ '8.3.2' ],
14 silly audit   'validate-npm-package-license': [ '3.0.4' ],
14 silly audit   'validate-npm-package-name': [ '5.0.1' ],
14 silly audit   vary: [ '1.1.2' ],
14 silly audit   vite: [ '5.1.7' ],
14 silly audit   'void-elements': [ '2.0.1' ],
14 silly audit   watchpack: [ '2.4.0' ],
14 silly audit   wbuf: [ '1.7.3' ],
14 silly audit   wcwidth: [ '1.0.1' ],
14 silly audit   webpack: [ '5.90.3' ],
14 silly audit   'webpack-dev-middleware': [ '6.1.2', '5.3.4' ],
14 silly audit   'webpack-dev-server': [ '4.15.1' ],
14 silly audit   'webpack-merge': [ '5.10.0' ],
14 silly audit   'webpack-sources': [ '3.2.3' ],
14 silly audit   'webpack-subresource-integrity': [ '5.1.0' ],
14 silly audit   'websocket-driver': [ '0.7.4' ],
14 silly audit   'websocket-extensions': [ '0.1.4' ],
14 silly audit   wildcard: [ '2.0.1' ],
14 silly audit   wrappy: [ '1.0.2' ],
14 silly audit   ws: [ '8.17.1' ],
14 silly audit   y18n: [ '5.0.8' ],
14 silly audit   'yocto-queue': [ '1.1.1' ],
14 silly audit   'zone.js': [ '0.14.8' ]
14 silly audit }
15 verbose reify failed optional dependency D:\Users\marco\Documents\GitHub\charsheet\node_modules\nice-napi
16 silly reify mark deleted [
16 silly reify   'D:\\Users\\marco\\Documents\\GitHub\\charsheet\\node_modules\\nice-napi'
16 silly reify ]
17 verbose reify failed optional dependency D:\Users\marco\Documents\GitHub\charsheet\node_modules\node-addon-api
18 silly reify mark deleted [
18 silly reify   'D:\\Users\\marco\\Documents\\GitHub\\charsheet\\node_modules\\node-addon-api'
18 silly reify ]
19 verbose reify failed optional dependency D:\Users\marco\Documents\GitHub\charsheet\node_modules\node-gyp-build
20 silly reify mark deleted [
20 silly reify   'D:\\Users\\marco\\Documents\\GitHub\\charsheet\\node_modules\\node-gyp-build',
20 silly reify   'D:\\Users\\marco\\Documents\\GitHub\\charsheet\\node_modules\\.bin\\node-gyp-build',
20 silly reify   'D:\\Users\\marco\\Documents\\GitHub\\charsheet\\node_modules\\.bin\\node-gyp-build.cmd',
20 silly reify   'D:\\Users\\marco\\Documents\\GitHub\\charsheet\\node_modules\\.bin\\node-gyp-build.ps1',
20 silly reify   'D:\\Users\\marco\\Documents\\GitHub\\charsheet\\node_modules\\.bin\\node-gyp-build-optional',
20 silly reify   'D:\\Users\\marco\\Documents\\GitHub\\charsheet\\node_modules\\.bin\\node-gyp-build-optional.cmd',
20 silly reify   'D:\\Users\\marco\\Documents\\GitHub\\charsheet\\node_modules\\.bin\\node-gyp-build-optional.ps1',
20 silly reify   'D:\\Users\\marco\\Documents\\GitHub\\charsheet\\node_modules\\.bin\\node-gyp-build-test',
20 silly reify   'D:\\Users\\marco\\Documents\\GitHub\\charsheet\\node_modules\\.bin\\node-gyp-build-test.cmd',
20 silly reify   'D:\\Users\\marco\\Documents\\GitHub\\charsheet\\node_modules\\.bin\\node-gyp-build-test.ps1'
20 silly reify ]
21 verbose reify failed optional dependency D:\Users\marco\Documents\GitHub\charsheet\node_modules\fsevents
22 silly reify mark deleted [
22 silly reify   'D:\\Users\\marco\\Documents\\GitHub\\charsheet\\node_modules\\fsevents'
22 silly reify ]
23 verbose reify failed optional dependency D:\Users\marco\Documents\GitHub\charsheet\node_modules\@rollup\rollup-win32-ia32-msvc
24 silly reify mark deleted [
24 silly reify   'D:\\Users\\marco\\Documents\\GitHub\\charsheet\\node_modules\\@rollup\\rollup-win32-ia32-msvc'
24 silly reify ]
25 verbose reify failed optional dependency D:\Users\marco\Documents\GitHub\charsheet\node_modules\@rollup\rollup-win32-arm64-msvc
26 silly reify mark deleted [
26 silly reify   'D:\\Users\\marco\\Documents\\GitHub\\charsheet\\node_modules\\@rollup\\rollup-win32-arm64-msvc'
26 silly reify ]
27 verbose reify failed optional dependency D:\Users\marco\Documents\GitHub\charsheet\node_modules\@rollup\rollup-linux-x64-musl
28 silly reify mark deleted [
28 silly reify   'D:\\Users\\marco\\Documents\\GitHub\\charsheet\\node_modules\\@rollup\\rollup-linux-x64-musl'
28 silly reify ]
29 verbose reify failed optional dependency D:\Users\marco\Documents\GitHub\charsheet\node_modules\@rollup\rollup-linux-x64-gnu
30 silly reify mark deleted [
30 silly reify   'D:\\Users\\marco\\Documents\\GitHub\\charsheet\\node_modules\\@rollup\\rollup-linux-x64-gnu'
30 silly reify ]
31 verbose reify failed optional dependency D:\Users\marco\Documents\GitHub\charsheet\node_modules\@rollup\rollup-linux-s390x-gnu
32 silly reify mark deleted [
32 silly reify   'D:\\Users\\marco\\Documents\\GitHub\\charsheet\\node_modules\\@rollup\\rollup-linux-s390x-gnu'
32 silly reify ]
33 verbose reify failed optional dependency D:\Users\marco\Documents\GitHub\charsheet\node_modules\@rollup\rollup-linux-riscv64-gnu
34 silly reify mark deleted [
34 silly reify   'D:\\Users\\marco\\Documents\\GitHub\\charsheet\\node_modules\\@rollup\\rollup-linux-riscv64-gnu'
34 silly reify ]
35 verbose reify failed optional dependency D:\Users\marco\Documents\GitHub\charsheet\node_modules\@rollup\rollup-linux-powerpc64le-gnu
36 silly reify mark deleted [
36 silly reify   'D:\\Users\\marco\\Documents\\GitHub\\charsheet\\node_modules\\@rollup\\rollup-linux-powerpc64le-gnu'
36 silly reify ]
37 verbose reify failed optional dependency D:\Users\marco\Documents\GitHub\charsheet\node_modules\@rollup\rollup-linux-arm64-musl
38 silly reify mark deleted [
38 silly reify   'D:\\Users\\marco\\Documents\\GitHub\\charsheet\\node_modules\\@rollup\\rollup-linux-arm64-musl'
38 silly reify ]
39 verbose reify failed optional dependency D:\Users\marco\Documents\GitHub\charsheet\node_modules\@rollup\rollup-linux-arm64-gnu
40 silly reify mark deleted [
40 silly reify   'D:\\Users\\marco\\Documents\\GitHub\\charsheet\\node_modules\\@rollup\\rollup-linux-arm64-gnu'
40 silly reify ]
41 verbose reify failed optional dependency D:\Users\marco\Documents\GitHub\charsheet\node_modules\@rollup\rollup-linux-arm-musleabihf
42 silly reify mark deleted [
42 silly reify   'D:\\Users\\marco\\Documents\\GitHub\\charsheet\\node_modules\\@rollup\\rollup-linux-arm-musleabihf'
42 silly reify ]
43 verbose reify failed optional dependency D:\Users\marco\Documents\GitHub\charsheet\node_modules\@rollup\rollup-linux-arm-gnueabihf
44 silly reify mark deleted [
44 silly reify   'D:\\Users\\marco\\Documents\\GitHub\\charsheet\\node_modules\\@rollup\\rollup-linux-arm-gnueabihf'
44 silly reify ]
45 verbose reify failed optional dependency D:\Users\marco\Documents\GitHub\charsheet\node_modules\@rollup\rollup-darwin-x64
46 silly reify mark deleted [
46 silly reify   'D:\\Users\\marco\\Documents\\GitHub\\charsheet\\node_modules\\@rollup\\rollup-darwin-x64'
46 silly reify ]
47 verbose reify failed optional dependency D:\Users\marco\Documents\GitHub\charsheet\node_modules\@rollup\rollup-darwin-arm64
48 silly reify mark deleted [
48 silly reify   'D:\\Users\\marco\\Documents\\GitHub\\charsheet\\node_modules\\@rollup\\rollup-darwin-arm64'
48 silly reify ]
49 verbose reify failed optional dependency D:\Users\marco\Documents\GitHub\charsheet\node_modules\@rollup\rollup-android-arm64
50 silly reify mark deleted [
50 silly reify   'D:\\Users\\marco\\Documents\\GitHub\\charsheet\\node_modules\\@rollup\\rollup-android-arm64'
50 silly reify ]
51 verbose reify failed optional dependency D:\Users\marco\Documents\GitHub\charsheet\node_modules\@rollup\rollup-android-arm-eabi
52 silly reify mark deleted [
52 silly reify   'D:\\Users\\marco\\Documents\\GitHub\\charsheet\\node_modules\\@rollup\\rollup-android-arm-eabi'
52 silly reify ]
53 verbose reify failed optional dependency D:\Users\marco\Documents\GitHub\charsheet\node_modules\@esbuild\win32-ia32
54 silly reify mark deleted [
54 silly reify   'D:\\Users\\marco\\Documents\\GitHub\\charsheet\\node_modules\\@esbuild\\win32-ia32'
54 silly reify ]
55 verbose reify failed optional dependency D:\Users\marco\Documents\GitHub\charsheet\node_modules\@esbuild\win32-arm64
56 silly reify mark deleted [
56 silly reify   'D:\\Users\\marco\\Documents\\GitHub\\charsheet\\node_modules\\@esbuild\\win32-arm64'
56 silly reify ]
57 verbose reify failed optional dependency D:\Users\marco\Documents\GitHub\charsheet\node_modules\@esbuild\sunos-x64
58 silly reify mark deleted [
58 silly reify   'D:\\Users\\marco\\Documents\\GitHub\\charsheet\\node_modules\\@esbuild\\sunos-x64'
58 silly reify ]
59 verbose reify failed optional dependency D:\Users\marco\Documents\GitHub\charsheet\node_modules\@esbuild\openbsd-x64
60 silly reify mark deleted [
60 silly reify   'D:\\Users\\marco\\Documents\\GitHub\\charsheet\\node_modules\\@esbuild\\openbsd-x64'
60 silly reify ]
61 verbose reify failed optional dependency D:\Users\marco\Documents\GitHub\charsheet\node_modules\@esbuild\netbsd-x64
62 silly reify mark deleted [
62 silly reify   'D:\\Users\\marco\\Documents\\GitHub\\charsheet\\node_modules\\@esbuild\\netbsd-x64'
62 silly reify ]
63 verbose reify failed optional dependency D:\Users\marco\Documents\GitHub\charsheet\node_modules\@esbuild\linux-x64
64 silly reify mark deleted [
64 silly reify   'D:\\Users\\marco\\Documents\\GitHub\\charsheet\\node_modules\\@esbuild\\linux-x64'
64 silly reify ]
65 verbose reify failed optional dependency D:\Users\marco\Documents\GitHub\charsheet\node_modules\@esbuild\linux-s390x
66 silly reify mark deleted [
66 silly reify   'D:\\Users\\marco\\Documents\\GitHub\\charsheet\\node_modules\\@esbuild\\linux-s390x'
66 silly reify ]
67 verbose reify failed optional dependency D:\Users\marco\Documents\GitHub\charsheet\node_modules\@esbuild\linux-riscv64
68 silly reify mark deleted [
68 silly reify   'D:\\Users\\marco\\Documents\\GitHub\\charsheet\\node_modules\\@esbuild\\linux-riscv64'
68 silly reify ]
69 verbose reify failed optional dependency D:\Users\marco\Documents\GitHub\charsheet\node_modules\@esbuild\linux-ppc64
70 silly reify mark deleted [
70 silly reify   'D:\\Users\\marco\\Documents\\GitHub\\charsheet\\node_modules\\@esbuild\\linux-ppc64'
70 silly reify ]
71 verbose reify failed optional dependency D:\Users\marco\Documents\GitHub\charsheet\node_modules\@esbuild\linux-mips64el
72 silly reify mark deleted [
72 silly reify   'D:\\Users\\marco\\Documents\\GitHub\\charsheet\\node_modules\\@esbuild\\linux-mips64el'
72 silly reify ]
73 verbose reify failed optional dependency D:\Users\marco\Documents\GitHub\charsheet\node_modules\@esbuild\linux-loong64
74 silly reify mark deleted [
74 silly reify   'D:\\Users\\marco\\Documents\\GitHub\\charsheet\\node_modules\\@esbuild\\linux-loong64'
74 silly reify ]
75 verbose reify failed optional dependency D:\Users\marco\Documents\GitHub\charsheet\node_modules\@esbuild\linux-ia32
76 silly reify mark deleted [
76 silly reify   'D:\\Users\\marco\\Documents\\GitHub\\charsheet\\node_modules\\@esbuild\\linux-ia32'
76 silly reify ]
77 verbose reify failed optional dependency D:\Users\marco\Documents\GitHub\charsheet\node_modules\@esbuild\linux-arm64
78 silly reify mark deleted [
78 silly reify   'D:\\Users\\marco\\Documents\\GitHub\\charsheet\\node_modules\\@esbuild\\linux-arm64'
78 silly reify ]
79 verbose reify failed optional dependency D:\Users\marco\Documents\GitHub\charsheet\node_modules\@esbuild\linux-arm
80 silly reify mark deleted [
80 silly reify   'D:\\Users\\marco\\Documents\\GitHub\\charsheet\\node_modules\\@esbuild\\linux-arm'
80 silly reify ]
81 verbose reify failed optional dependency D:\Users\marco\Documents\GitHub\charsheet\node_modules\@esbuild\freebsd-x64
82 silly reify mark deleted [
82 silly reify   'D:\\Users\\marco\\Documents\\GitHub\\charsheet\\node_modules\\@esbuild\\freebsd-x64'
82 silly reify ]
83 verbose reify failed optional dependency D:\Users\marco\Documents\GitHub\charsheet\node_modules\@esbuild\freebsd-arm64
84 silly reify mark deleted [
84 silly reify   'D:\\Users\\marco\\Documents\\GitHub\\charsheet\\node_modules\\@esbuild\\freebsd-arm64'
84 silly reify ]
85 verbose reify failed optional dependency D:\Users\marco\Documents\GitHub\charsheet\node_modules\@esbuild\darwin-x64
86 silly reify mark deleted [
86 silly reify   'D:\\Users\\marco\\Documents\\GitHub\\charsheet\\node_modules\\@esbuild\\darwin-x64'
86 silly reify ]
87 verbose reify failed optional dependency D:\Users\marco\Documents\GitHub\charsheet\node_modules\@esbuild\darwin-arm64
88 silly reify mark deleted [
88 silly reify   'D:\\Users\\marco\\Documents\\GitHub\\charsheet\\node_modules\\@esbuild\\darwin-arm64'
88 silly reify ]
89 verbose reify failed optional dependency D:\Users\marco\Documents\GitHub\charsheet\node_modules\@esbuild\android-x64
90 silly reify mark deleted [
90 silly reify   'D:\\Users\\marco\\Documents\\GitHub\\charsheet\\node_modules\\@esbuild\\android-x64'
90 silly reify ]
91 verbose reify failed optional dependency D:\Users\marco\Documents\GitHub\charsheet\node_modules\@esbuild\android-arm64
92 silly reify mark deleted [
92 silly reify   'D:\\Users\\marco\\Documents\\GitHub\\charsheet\\node_modules\\@esbuild\\android-arm64'
92 silly reify ]
93 verbose reify failed optional dependency D:\Users\marco\Documents\GitHub\charsheet\node_modules\@esbuild\android-arm
94 silly reify mark deleted [
94 silly reify   'D:\\Users\\marco\\Documents\\GitHub\\charsheet\\node_modules\\@esbuild\\android-arm'
94 silly reify ]
95 verbose reify failed optional dependency D:\Users\marco\Documents\GitHub\charsheet\node_modules\@esbuild\aix-ppc64
96 silly reify mark deleted [
96 silly reify   'D:\\Users\\marco\\Documents\\GitHub\\charsheet\\node_modules\\@esbuild\\aix-ppc64'
96 silly reify ]
97 verbose reify failed optional dependency D:\Users\marco\Documents\GitHub\charsheet\node_modules\vite\node_modules\@esbuild\win32-ia32
98 silly reify mark deleted [
98 silly reify   'D:\\Users\\marco\\Documents\\GitHub\\charsheet\\node_modules\\vite\\node_modules\\@esbuild\\win32-ia32'
98 silly reify ]
99 verbose reify failed optional dependency D:\Users\marco\Documents\GitHub\charsheet\node_modules\vite\node_modules\@esbuild\win32-arm64
100 silly reify mark deleted [
100 silly reify   'D:\\Users\\marco\\Documents\\GitHub\\charsheet\\node_modules\\vite\\node_modules\\@esbuild\\win32-arm64'
100 silly reify ]
101 verbose reify failed optional dependency D:\Users\marco\Documents\GitHub\charsheet\node_modules\vite\node_modules\@esbuild\sunos-x64
102 silly reify mark deleted [
102 silly reify   'D:\\Users\\marco\\Documents\\GitHub\\charsheet\\node_modules\\vite\\node_modules\\@esbuild\\sunos-x64'
102 silly reify ]
103 verbose reify failed optional dependency D:\Users\marco\Documents\GitHub\charsheet\node_modules\vite\node_modules\@esbuild\openbsd-x64
104 silly reify mark deleted [
104 silly reify   'D:\\Users\\marco\\Documents\\GitHub\\charsheet\\node_modules\\vite\\node_modules\\@esbuild\\openbsd-x64'
104 silly reify ]
105 verbose reify failed optional dependency D:\Users\marco\Documents\GitHub\charsheet\node_modules\vite\node_modules\@esbuild\netbsd-x64
106 silly reify mark deleted [
106 silly reify   'D:\\Users\\marco\\Documents\\GitHub\\charsheet\\node_modules\\vite\\node_modules\\@esbuild\\netbsd-x64'
106 silly reify ]
107 verbose reify failed optional dependency D:\Users\marco\Documents\GitHub\charsheet\node_modules\vite\node_modules\@esbuild\linux-x64
108 silly reify mark deleted [
108 silly reify   'D:\\Users\\marco\\Documents\\GitHub\\charsheet\\node_modules\\vite\\node_modules\\@esbuild\\linux-x64'
108 silly reify ]
109 verbose reify failed optional dependency D:\Users\marco\Documents\GitHub\charsheet\node_modules\vite\node_modules\@esbuild\linux-s390x
110 silly reify mark deleted [
110 silly reify   'D:\\Users\\marco\\Documents\\GitHub\\charsheet\\node_modules\\vite\\node_modules\\@esbuild\\linux-s390x'
110 silly reify ]
111 verbose reify failed optional dependency D:\Users\marco\Documents\GitHub\charsheet\node_modules\vite\node_modules\@esbuild\linux-riscv64
112 silly reify mark deleted [
112 silly reify   'D:\\Users\\marco\\Documents\\GitHub\\charsheet\\node_modules\\vite\\node_modules\\@esbuild\\linux-riscv64'
112 silly reify ]
113 verbose reify failed optional dependency D:\Users\marco\Documents\GitHub\charsheet\node_modules\vite\node_modules\@esbuild\linux-ppc64
114 silly reify mark deleted [
114 silly reify   'D:\\Users\\marco\\Documents\\GitHub\\charsheet\\node_modules\\vite\\node_modules\\@esbuild\\linux-ppc64'
114 silly reify ]
115 verbose reify failed optional dependency D:\Users\marco\Documents\GitHub\charsheet\node_modules\vite\node_modules\@esbuild\linux-mips64el
116 silly reify mark deleted [
116 silly reify   'D:\\Users\\marco\\Documents\\GitHub\\charsheet\\node_modules\\vite\\node_modules\\@esbuild\\linux-mips64el'
116 silly reify ]
117 verbose reify failed optional dependency D:\Users\marco\Documents\GitHub\charsheet\node_modules\vite\node_modules\@esbuild\linux-loong64
118 silly reify mark deleted [
118 silly reify   'D:\\Users\\marco\\Documents\\GitHub\\charsheet\\node_modules\\vite\\node_modules\\@esbuild\\linux-loong64'
118 silly reify ]
119 verbose reify failed optional dependency D:\Users\marco\Documents\GitHub\charsheet\node_modules\vite\node_modules\@esbuild\linux-ia32
120 silly reify mark deleted [
120 silly reify   'D:\\Users\\marco\\Documents\\GitHub\\charsheet\\node_modules\\vite\\node_modules\\@esbuild\\linux-ia32'
120 silly reify ]
121 verbose reify failed optional dependency D:\Users\marco\Documents\GitHub\charsheet\node_modules\vite\node_modules\@esbuild\linux-arm64
122 silly reify mark deleted [
122 silly reify   'D:\\Users\\marco\\Documents\\GitHub\\charsheet\\node_modules\\vite\\node_modules\\@esbuild\\linux-arm64'
122 silly reify ]
123 verbose reify failed optional dependency D:\Users\marco\Documents\GitHub\charsheet\node_modules\vite\node_modules\@esbuild\linux-arm
124 silly reify mark deleted [
124 silly reify   'D:\\Users\\marco\\Documents\\GitHub\\charsheet\\node_modules\\vite\\node_modules\\@esbuild\\linux-arm'
124 silly reify ]
125 verbose reify failed optional dependency D:\Users\marco\Documents\GitHub\charsheet\node_modules\vite\node_modules\@esbuild\freebsd-x64
126 silly reify mark deleted [
126 silly reify   'D:\\Users\\marco\\Documents\\GitHub\\charsheet\\node_modules\\vite\\node_modules\\@esbuild\\freebsd-x64'
126 silly reify ]
127 verbose reify failed optional dependency D:\Users\marco\Documents\GitHub\charsheet\node_modules\vite\node_modules\@esbuild\freebsd-arm64
128 silly reify mark deleted [
128 silly reify   'D:\\Users\\marco\\Documents\\GitHub\\charsheet\\node_modules\\vite\\node_modules\\@esbuild\\freebsd-arm64'
128 silly reify ]
129 verbose reify failed optional dependency D:\Users\marco\Documents\GitHub\charsheet\node_modules\vite\node_modules\@esbuild\darwin-x64
130 silly reify mark deleted [
130 silly reify   'D:\\Users\\marco\\Documents\\GitHub\\charsheet\\node_modules\\vite\\node_modules\\@esbuild\\darwin-x64'
130 silly reify ]
131 verbose reify failed optional dependency D:\Users\marco\Documents\GitHub\charsheet\node_modules\vite\node_modules\@esbuild\darwin-arm64
132 silly reify mark deleted [
132 silly reify   'D:\\Users\\marco\\Documents\\GitHub\\charsheet\\node_modules\\vite\\node_modules\\@esbuild\\darwin-arm64'
132 silly reify ]
133 verbose reify failed optional dependency D:\Users\marco\Documents\GitHub\charsheet\node_modules\vite\node_modules\@esbuild\android-x64
134 silly reify mark deleted [
134 silly reify   'D:\\Users\\marco\\Documents\\GitHub\\charsheet\\node_modules\\vite\\node_modules\\@esbuild\\android-x64'
134 silly reify ]
135 verbose reify failed optional dependency D:\Users\marco\Documents\GitHub\charsheet\node_modules\vite\node_modules\@esbuild\android-arm64
136 silly reify mark deleted [
136 silly reify   'D:\\Users\\marco\\Documents\\GitHub\\charsheet\\node_modules\\vite\\node_modules\\@esbuild\\android-arm64'
136 silly reify ]
137 verbose reify failed optional dependency D:\Users\marco\Documents\GitHub\charsheet\node_modules\vite\node_modules\@esbuild\android-arm
138 silly reify mark deleted [
138 silly reify   'D:\\Users\\marco\\Documents\\GitHub\\charsheet\\node_modules\\vite\\node_modules\\@esbuild\\android-arm'
138 silly reify ]
139 verbose reify failed optional dependency D:\Users\marco\Documents\GitHub\charsheet\node_modules\vite\node_modules\@esbuild\aix-ppc64
140 silly reify mark deleted [
140 silly reify   'D:\\Users\\marco\\Documents\\GitHub\\charsheet\\node_modules\\vite\\node_modules\\@esbuild\\aix-ppc64'
140 silly reify ]
141 http fetch POST 200 https://registry.npmjs.org/-/npm/v1/security/advisories/bulk 808ms
142 silly audit report {}
143 silly ADD
144 silly ADD
145 silly ADD
146 silly ADD
147 silly ADD
148 silly ADD
149 silly ADD
150 silly ADD
151 silly ADD
152 silly ADD
153 silly ADD
154 silly ADD
155 silly ADD
156 silly ADD
157 silly ADD
158 silly ADD
159 silly ADD
160 silly ADD
161 silly ADD
162 silly ADD
163 silly ADD
164 silly ADD
165 silly ADD
166 silly ADD
167 silly ADD
168 silly ADD
169 silly ADD
170 silly ADD
171 silly ADD
172 silly ADD
173 silly ADD
174 silly ADD
175 silly ADD
176 silly ADD
177 silly ADD
178 silly ADD
179 silly ADD
180 silly ADD
181 silly ADD
182 silly ADD
183 silly ADD
184 silly ADD
185 silly ADD
186 silly ADD
187 silly ADD
188 silly ADD
189 silly ADD
190 silly ADD
191 silly ADD
192 silly ADD
193 silly ADD
194 silly ADD
195 silly ADD
196 silly ADD
197 silly ADD
198 silly ADD
199 silly ADD
200 silly ADD
201 silly ADD
202 silly ADD
203 silly ADD
204 silly ADD
205 silly ADD
206 verbose exit 0
207 info ok
