0 verbose cli D:\Program Files\nodejs\node.exe D:\Program Files\nodejs\node_modules\npm\bin\npm-cli.js
1 info using npm@10.7.0
2 info using node@v18.20.3
3 silly config:load:file:d:\Users\marco\AppData\Roaming\nvm\v18.20.3\node_modules\npm\npmrc
4 silly config:load:file:D:\Users\marco\Documents\GitHub\charsheet\.npmrc
5 silly config:load:file:C:\Users\marco\.npmrc
6 silly config:load:file:D:\Program Files\nodejs\etc\npmrc
7 verbose title npm install angularx-qrcode
8 verbose argv "install" "angularx-qrcode" "--save"
9 verbose logfile logs-max:10 dir:D:\Users\marco\Documents\GitHub\charsheet\_logs\2024-08-20T14_22_21_825Z-
10 verbose logfile D:\Users\marco\Documents\GitHub\charsheet\_logs\2024-08-20T14_22_21_825Z-debug-0.log
11 silly logfile start cleaning logs, removing 1 files
12 silly logfile done cleaning log files
13 silly idealTree buildDeps
14 silly fetch manifest angularx-qrcode@*
15 http fetch GET 200 https://registry.npmjs.org/angularx-qrcode 1024ms (cache miss)
16 silly fetch manifest @angular/core@^17.3.0
17 http fetch GET 200 https://registry.npmjs.org/@angular%2fcore 1439ms (cache updated)
18 silly fetch manifest @angular/core@^18.1.0
19 silly fetch manifest rxjs@~7.8.0
20 http fetch GET 200 https://registry.npmjs.org/rxjs 269ms (cache revalidated)
21 silly fetch manifest zone.js@~0.14.3
22 http fetch GET 200 https://registry.npmjs.org/zone.js 161ms (cache revalidated)
23 verbose stack Error: unable to resolve dependency tree
23 verbose stack     at #failPeerConflict (d:\Users\marco\AppData\Roaming\nvm\v18.20.3\node_modules\npm\node_modules\@npmcli\arborist\lib\arborist\build-ideal-tree.js:1386:25)
23 verbose stack     at #loadPeerSet (d:\Users\marco\AppData\Roaming\nvm\v18.20.3\node_modules\npm\node_modules\@npmcli\arborist\lib\arborist\build-ideal-tree.js:1352:33)
23 verbose stack     at async #buildDepStep (d:\Users\marco\AppData\Roaming\nvm\v18.20.3\node_modules\npm\node_modules\@npmcli\arborist\lib\arborist\build-ideal-tree.js:923:11)
23 verbose stack     at async Arborist.buildIdealTree (d:\Users\marco\AppData\Roaming\nvm\v18.20.3\node_modules\npm\node_modules\@npmcli\arborist\lib\arborist\build-ideal-tree.js:203:7)
23 verbose stack     at async Promise.all (index 1)
23 verbose stack     at async Arborist.reify (d:\Users\marco\AppData\Roaming\nvm\v18.20.3\node_modules\npm\node_modules\@npmcli\arborist\lib\arborist\reify.js:131:5)
23 verbose stack     at async Install.exec (d:\Users\marco\AppData\Roaming\nvm\v18.20.3\node_modules\npm\lib\commands\install.js:150:5)
23 verbose stack     at async module.exports (d:\Users\marco\AppData\Roaming\nvm\v18.20.3\node_modules\npm\lib\cli\entry.js:74:5)
24 verbose cwd D:\Users\marco\Documents\GitHub\charsheet
25 verbose Windows_NT 10.0.18363
26 verbose node v18.20.3
27 verbose npm  v10.7.0
28 error code ERESOLVE
29 error ERESOLVE unable to resolve dependency tree
30 error
31 error While resolving: charsheet@0.0.0
31 error Found: @angular/core@17.3.12[2m[22m
31 error [2mnode_modules/@angular/core[22m
31 error   @angular/core@"^17.3.0" from the root project
31 error
31 error Could not resolve dependency:
31 error [95mpeer[39m @angular/core@"^18.1.0" from angularx-qrcode@18.0.1[2m[22m
31 error [2mnode_modules/angularx-qrcode[22m
31 error   angularx-qrcode@"*" from the root project
31 error
31 error Fix the upstream dependency conflict, or retry
31 error this command with --force or --legacy-peer-deps
31 error to accept an incorrect (and potentially broken) dependency resolution.
32 error
32 error
32 error For a full report see:
32 error D:\Users\marco\Documents\GitHub\charsheet\_logs\2024-08-20T14_22_21_825Z-eresolve-report.txt
33 verbose exit 1
34 verbose code 1
35 silly unfinished npm timer reify 1724163752266
36 silly unfinished npm timer reify:loadTrees 1724163752292
37 silly unfinished npm timer idealTree:buildDeps 1724163753534
38 silly unfinished npm timer idealTree:#root 1724163753534
39 error A complete log of this run can be found in: D:\Users\marco\Documents\GitHub\charsheet\_logs\2024-08-20T14_22_21_825Z-debug-0.log
