0 verbose cli D:\Program Files\nodejs\node.exe D:\Program Files\nodejs\node_modules\npm\bin\npm-cli.js
1 info using npm@10.7.0
2 info using node@v18.20.3
3 silly config:load:file:d:\Users\marco\AppData\Roaming\nvm\v18.20.3\node_modules\npm\npmrc
4 silly config:load:file:D:\Users\marco\Documents\GitHub\charsheet\.npmrc
5 silly config:load:file:C:\Users\marco\.npmrc
6 silly config:load:file:D:\Program Files\nodejs\etc\npmrc
7 verbose title npm i
8 verbose argv "i"
9 verbose logfile logs-max:10 dir:D:\Users\marco\Documents\GitHub\charsheet\_logs\2024-08-20T14_28_21_902Z-
10 verbose logfile D:\Users\marco\Documents\GitHub\charsheet\_logs\2024-08-20T14_28_21_902Z-debug-0.log
11 silly logfile start cleaning logs, removing 1 files
12 silly logfile done cleaning log files
13 silly idealTree buildDeps
14 silly fetch manifest babylonjs-gltf2interface@^5.22.0
15 verbose shrinkwrap failed to load node_modules/.package-lock.json out of date, updated: node_modules
16 http fetch GET 200 https://registry.npmjs.org/babylonjs-gltf2interface 1479ms (cache miss)
17 silly placeDep ROOT babylonjs-gltf2interface@5.57.1 OK for: @babylonjs/loaders@5.57.1 want: ^5.22.0
18 silly fetch manifest ag-grid-community@32.1.0
19 http fetch GET 200 https://registry.npmjs.org/ag-grid-community 195ms (cache revalidated)
20 silly placeDep ROOT ag-grid-community@32.1.0 OK for: ag-grid-angular@32.1.0 want: 32.1.0
21 silly fetch manifest ag-charts-types@10.1.0
22 http fetch GET 200 https://registry.npmjs.org/ag-charts-types 179ms (cache revalidated)
23 silly placeDep ROOT ag-charts-types@10.1.0 OK for: ag-grid-community@32.1.0 want: 10.1.0
24 silly fetch manifest @angular/core@^18.1.0
25 http fetch GET 200 https://registry.npmjs.org/@angular%2fcore 135ms (cache revalidated)
26 silly fetch manifest rxjs@^6.5.3 || ^7.4.0
27 http fetch GET 200 https://registry.npmjs.org/rxjs 98ms (cache revalidated)
28 silly fetch manifest zone.js@~0.14.10
29 http fetch GET 200 https://registry.npmjs.org/zone.js 108ms (cache revalidated)
30 verbose stack Error: could not resolve
30 verbose stack     at PlaceDep.failPeerConflict (d:\Users\marco\AppData\Roaming\nvm\v18.20.3\node_modules\npm\node_modules\@npmcli\arborist\lib\place-dep.js:503:25)
30 verbose stack     at new PlaceDep (d:\Users\marco\AppData\Roaming\nvm\v18.20.3\node_modules\npm\node_modules\@npmcli\arborist\lib\place-dep.js:157:21)
30 verbose stack     at #buildDepStep (d:\Users\marco\AppData\Roaming\nvm\v18.20.3\node_modules\npm\node_modules\@npmcli\arborist\lib\arborist\build-ideal-tree.js:939:18)
30 verbose stack     at async Arborist.buildIdealTree (d:\Users\marco\AppData\Roaming\nvm\v18.20.3\node_modules\npm\node_modules\@npmcli\arborist\lib\arborist\build-ideal-tree.js:203:7)
30 verbose stack     at async Promise.all (index 1)
30 verbose stack     at async Arborist.reify (d:\Users\marco\AppData\Roaming\nvm\v18.20.3\node_modules\npm\node_modules\@npmcli\arborist\lib\arborist\reify.js:131:5)
30 verbose stack     at async Install.exec (d:\Users\marco\AppData\Roaming\nvm\v18.20.3\node_modules\npm\lib\commands\install.js:150:5)
30 verbose stack     at async module.exports (d:\Users\marco\AppData\Roaming\nvm\v18.20.3\node_modules\npm\lib\cli\entry.js:74:5)
31 verbose cwd D:\Users\marco\Documents\GitHub\charsheet
32 verbose Windows_NT 10.0.18363
33 verbose node v18.20.3
34 verbose npm  v10.7.0
35 error code ERESOLVE
36 error ERESOLVE could not resolve
37 error
38 error While resolving: angularx-qrcode@18.0.1
38 error Found: @angular/core@17.3.12[2m[22m
38 error [2mnode_modules/@angular/core[22m
38 error   @angular/core@"^17.3.0" from the root project
38 error   [95mpeer[39m @angular/core@"17.3.12" from @angular/animations@17.3.12[2m[22m
38 error   [2mnode_modules/@angular/animations[22m
38 error     @angular/animations@"^17.3.0" from the root project
38 error     [95mpeer[39m @angular/animations@"^17.0.0 || ^18.0.0" from @angular/material@17.3.10[2m[22m
38 error     [2mnode_modules/@angular/material[22m
38 error       @angular/material@"^17.3.10" from the root project
38 error     1 more (@angular/platform-browser)
38 error   12 more (@angular/cdk, @angular/common, @angular/compiler, ...)
38 error
38 error Could not resolve dependency:
38 error [95mpeer[39m @angular/core@"^18.1.0" from angularx-qrcode@18.0.1[2m[22m
38 error [2mnode_modules/angularx-qrcode[22m
38 error   angularx-qrcode@"^18.0.1" from the root project
38 error
38 error Conflicting peer dependency: @angular/core@18.2.0[2m[22m
38 error [2mnode_modules/@angular/core[22m
38 error   [95mpeer[39m @angular/core@"^18.1.0" from angularx-qrcode@18.0.1[2m[22m
38 error   [2mnode_modules/angularx-qrcode[22m
38 error     angularx-qrcode@"^18.0.1" from the root project
38 error
38 error Fix the upstream dependency conflict, or retry
38 error this command with --force or --legacy-peer-deps
38 error to accept an incorrect (and potentially broken) dependency resolution.
39 error
39 error
39 error For a full report see:
39 error D:\Users\marco\Documents\GitHub\charsheet\_logs\2024-08-20T14_28_21_902Z-eresolve-report.txt
40 verbose exit 1
41 verbose code 1
42 silly unfinished npm timer reify 1724164102902
43 silly unfinished npm timer reify:loadTrees 1724164102913
44 silly unfinished npm timer idealTree:buildDeps 1724164103985
45 silly unfinished npm timer idealTree:node_modules/angularx-qrcode 1724164105888
46 error A complete log of this run can be found in: D:\Users\marco\Documents\GitHub\charsheet\_logs\2024-08-20T14_28_21_902Z-debug-0.log
